#
# There is insufficient memory for the Java Runtime Environment to continue.
# Native memory allocation (mmap) failed to map 945815552 bytes for Failed to commit area from 0x00000000c7a00000 to 0x0000000100000000 of length 945815552.
# Possible reasons:
#   The system is out of physical RAM or swap space
#   The process is running with CompressedOops enabled, and the Java Heap may be blocking the growth of the native heap
# Possible solutions:
#   Reduce memory load on the system
#   Increase physical memory or swap space
#   Check if swap backing store is full
#   Decrease Java heap size (-Xmx/-Xms)
#   Decrease number of Java threads
#   Decrease Java thread stack sizes (-Xss)
#   Set larger code cache with -XX:ReservedCodeCacheSize=
#   JVM is running with Unscaled Compressed Oops mode in which the Java heap is
#     placed in the first 4GB address space. The Java Heap base address is the
#     maximum limit for the native heap growth. Please use -XX:HeapBaseMinAddress
#     to set the Java Heap base and to place the Java Heap above 4GB virtual address.
# This output file may be truncated or incomplete.
#
#  Out of Memory Error (c:/BuildAgent/work/494cbf65e275b67e/src/hotspot/os/windows/os_windows.cpp:3272), pid=1416, tid=3188
#
# JRE version: OpenJDK Runtime Environment (11.0.3+12) (build 11.0.3+12-b304.10)
# Java VM: OpenJDK 64-Bit Server VM (11.0.3+12-b304.10, mixed mode, sharing, tiered, compressed oops, g1 gc, windows-amd64)
# No core dump will be written. Minidumps are not enabled by default on client versions of Windows
#

---------------  S U M M A R Y ------------

Command Line: -javaagent:C:\Program Files\JetBrains\IntelliJ IDEA Community Edition 2019.2\lib\idea_rt.jar=50417:C:\Program Files\JetBrains\IntelliJ IDEA Community Edition 2019.2\bin -Dfile.encoding=UTF-8 balexej.lesson4t1

Host: Intel(R) Core(TM) i3-4000M CPU @ 2.40GHz, 4 cores, 3G,  Windows 10 , 64 bit Build 16299 (10.0.16299.15)
Time: Mon Oct  7 16:34:18 2019 RTZ 2 (ceia) elapsed time: 8 seconds (0d 0h 0m 8s)

---------------  T H R E A D  ---------------

Current thread (0x000001b8fee5b000):  VMThread "VM Thread" [stack: 0x0000001d68400000,0x0000001d68500000] [id=3188]

Stack: [0x0000001d68400000,0x0000001d68500000]
[error occurred during error reporting (printing stack bounds), id 0xc0000005, EXCEPTION_ACCESS_VIOLATION (0xc0000005) at pc=0x000001b880000bad]

Native frames: (J=compiled Java code, j=interpreted, Vv=VM code, C=native code)
V  [jvm.dll+0x5da77a]
V  [jvm.dll+0x70b9c9]
V  [jvm.dll+0x70cee8]
V  [jvm.dll+0x70d515]
V  [jvm.dll+0x70d4cb]
V  [jvm.dll+0x5d9f08]
V  [jvm.dll+0x5da368]
C  [ntdll.dll+0xa4c3d]
C  [ntdll.dll+0x1d1b8]
C  [ntdll.dll+0xa3b6e]
C  0x000001b880000bad

VM_Operation (0x0000001d67efefd0): G1CollectForAllocation, mode: safepoint, requested by thread 0x000001b8f57b1000


---------------  P R O C E S S  ---------------

Threads class SMR info:
_java_thread_list=0x000001b8fee83dc0, length=11, elements={
0x000001b8f57b1000, 0x000001b8fee5d000, 0x000001b8fee60800, 0x000001b8fee7c000,
0x000001b8fee7f000, 0x000001b8fee82800, 0x000001b8fee98000, 0x000001b8feefd800,
0x000001b8ff0a8000, 0x000001b8ff217800, 0x000001b8ff1a0000
}

Java Threads: ( => current thread )
  0x000001b8f57b1000 JavaThread "main" [_thread_blocked, id=6284, stack(0x0000001d67e00000,0x0000001d67f00000)]
  0x000001b8fee5d000 JavaThread "Reference Handler" daemon [_thread_blocked, id=2060, stack(0x0000001d68500000,0x0000001d68600000)]
  0x000001b8fee60800 JavaThread "Finalizer" daemon [_thread_blocked, id=6948, stack(0x0000001d68600000,0x0000001d68700000)]
  0x000001b8fee7c000 JavaThread "Signal Dispatcher" daemon [_thread_blocked, id=1640, stack(0x0000001d68700000,0x0000001d68800000)]
  0x000001b8fee7f000 JavaThread "Attach Listener" daemon [_thread_blocked, id=5736, stack(0x0000001d68800000,0x0000001d68900000)]
  0x000001b8fee82800 JavaThread "C2 CompilerThread0" daemon [_thread_blocked, id=2512, stack(0x0000001d68900000,0x0000001d68a00000)]
  0x000001b8fee98000 JavaThread "C1 CompilerThread0" daemon [_thread_blocked, id=6052, stack(0x0000001d68a00000,0x0000001d68b00000)]
  0x000001b8feefd800 JavaThread "Sweeper thread" daemon [_thread_blocked, id=5496, stack(0x0000001d68b00000,0x0000001d68c00000)]
  0x000001b8ff0a8000 JavaThread "Common-Cleaner" daemon [_thread_blocked, id=3208, stack(0x0000001d68c00000,0x0000001d68d00000)]
  0x000001b8ff217800 JavaThread "Monitor Ctrl-Break" daemon [_thread_in_native, id=5444, stack(0x0000001d68e00000,0x0000001d68f00000)]
  0x000001b8ff1a0000 JavaThread "Service Thread" daemon [_thread_blocked, id=3116, stack(0x0000001d68f00000,0x0000001d69000000)]

Other Threads:
=>0x000001b8fee5b000 VMThread "VM Thread" [stack: 0x0000001d68400000,0x0000001d68500000] [id=3188]
  0x000001b8ff1a7000 WatcherThread [stack: 0x0000001d69000000,0x0000001d69100000] [id=3728]
  0x000001b8f57ca800 GCTaskThread "GC Thread#0" [stack: 0x0000001d67f00000,0x0000001d68000000] [id=5832]
  0x000001b8ff104000 GCTaskThread "GC Thread#1" [stack: 0x0000001d69400000,0x0000001d69500000] [id=5048]
  0x000001b8f57e5800 ConcurrentGCThread "G1 Main Marker" [stack: 0x0000001d68000000,0x0000001d68100000] [id=5628]
  0x000001b8f57e8000 ConcurrentGCThread "G1 Conc#0" [stack: 0x0000001d68100000,0x0000001d68200000] [id=408]
  0x000001b8f582d800 ConcurrentGCThread "G1 Refine#0" [stack: 0x0000001d68200000,0x0000001d68300000] [id=4444]
  0x000001b8f5831800 ConcurrentGCThread "G1 Young RemSet Sampling" [stack: 0x0000001d68300000,0x0000001d68400000] [id=3632]

Threads with active compile tasks:

VM state:at safepoint (normal execution)

VM Mutex/Monitor currently owned by a thread:  ([mutex/lock_event])
[0x000001b8f57af610] Threads_lock - owner thread: 0x000001b8fee5b000
[0x000001b8f57aec80] Heap_lock - owner thread: 0x000001b8f57b1000

Heap address: 0x00000000c3c00000, size: 964 MB, Compressed Oops mode: 32-bit
Narrow klass base: 0x0000000800000000, Narrow klass shift: 3
Compressed class space size: 1073741824 Address: 0x0000000840000000

Heap:
 garbage-first heap   total 987136K, used 1578K [0x00000000c3c00000, 0x0000000100000000)
  region size 1024K, 2 young (2048K), 2 survivors (2048K)
 Metaspace       used 1247K, capacity 4655K, committed 4864K, reserved 1056768K
  class space    used 116K, capacity 423K, committed 512K, reserved 1048576K
Heap Regions: E=young(eden), S=young(survivor), O=old, HS=humongous(starts), HC=humongous(continues), CS=collection set, F=free, A=archive, TAMS=top-at-mark-start (previous, next)
|   0|0x00000000c3c00000, 0x00000000c3c00000, 0x00000000c3d00000|  0%| F|  |TAMS 0x00000000c3c00000, 0x00000000c3c00000| Untracked 
|   1|0x00000000c3d00000, 0x00000000c3d00000, 0x00000000c3e00000|  0%| F|  |TAMS 0x00000000c3d00000, 0x00000000c3d00000| Untracked 
|   2|0x00000000c3e00000, 0x00000000c3e00000, 0x00000000c3f00000|  0%| F|  |TAMS 0x00000000c3e00000, 0x00000000c3e00000| Untracked 
|   3|0x00000000c3f00000, 0x00000000c3f00000, 0x00000000c4000000|  0%| F|  |TAMS 0x00000000c3f00000, 0x00000000c3f00000| Untracked 
|   4|0x00000000c4000000, 0x00000000c4000000, 0x00000000c4100000|  0%| F|  |TAMS 0x00000000c4000000, 0x00000000c4000000| Untracked 
|   5|0x00000000c4100000, 0x00000000c4100000, 0x00000000c4200000|  0%| F|  |TAMS 0x00000000c4100000, 0x00000000c4100000| Untracked 
|   6|0x00000000c4200000, 0x00000000c4200000, 0x00000000c4300000|  0%| F|  |TAMS 0x00000000c4200000, 0x00000000c4200000| Untracked 
|   7|0x00000000c4300000, 0x00000000c4300000, 0x00000000c4400000|  0%| F|  |TAMS 0x00000000c4300000, 0x00000000c4300000| Untracked 
|   8|0x00000000c4400000, 0x00000000c4400000, 0x00000000c4500000|  0%| F|  |TAMS 0x00000000c4400000, 0x00000000c4400000| Untracked 
|   9|0x00000000c4500000, 0x00000000c4500000, 0x00000000c4600000|  0%| F|  |TAMS 0x00000000c4500000, 0x00000000c4500000| Untracked 
|  10|0x00000000c4600000, 0x00000000c4600000, 0x00000000c4700000|  0%| F|  |TAMS 0x00000000c4600000, 0x00000000c4600000| Untracked 
|  11|0x00000000c4700000, 0x00000000c4700000, 0x00000000c4800000|  0%| F|  |TAMS 0x00000000c4700000, 0x00000000c4700000| Untracked 
|  12|0x00000000c4800000, 0x00000000c4800000, 0x00000000c4900000|  0%| F|  |TAMS 0x00000000c4800000, 0x00000000c4800000| Untracked 
|  13|0x00000000c4900000, 0x00000000c4900000, 0x00000000c4a00000|  0%| F|  |TAMS 0x00000000c4900000, 0x00000000c4900000| Untracked 
|  14|0x00000000c4a00000, 0x00000000c4a00000, 0x00000000c4b00000|  0%| F|  |TAMS 0x00000000c4a00000, 0x00000000c4a00000| Untracked 
|  15|0x00000000c4b00000, 0x00000000c4b00000, 0x00000000c4c00000|  0%| F|  |TAMS 0x00000000c4b00000, 0x00000000c4b00000| Untracked 
|  16|0x00000000c4c00000, 0x00000000c4c00000, 0x00000000c4d00000|  0%| F|  |TAMS 0x00000000c4c00000, 0x00000000c4c00000| Untracked 
|  17|0x00000000c4d00000, 0x00000000c4d00000, 0x00000000c4e00000|  0%| F|  |TAMS 0x00000000c4d00000, 0x00000000c4d00000| Untracked 
|  18|0x00000000c4e00000, 0x00000000c4e00000, 0x00000000c4f00000|  0%| F|  |TAMS 0x00000000c4e00000, 0x00000000c4e00000| Untracked 
|  19|0x00000000c4f00000, 0x00000000c4f00000, 0x00000000c5000000|  0%| F|  |TAMS 0x00000000c4f00000, 0x00000000c4f00000| Untracked 
|  20|0x00000000c5000000, 0x00000000c5000000, 0x00000000c5100000|  0%| F|  |TAMS 0x00000000c5000000, 0x00000000c5000000| Untracked 
|  21|0x00000000c5100000, 0x00000000c5100000, 0x00000000c5200000|  0%| F|  |TAMS 0x00000000c5100000, 0x00000000c5100000| Untracked 
|  22|0x00000000c5200000, 0x00000000c5200000, 0x00000000c5300000|  0%| F|  |TAMS 0x00000000c5200000, 0x00000000c5200000| Untracked 
|  23|0x00000000c5300000, 0x00000000c5300000, 0x00000000c5400000|  0%| F|  |TAMS 0x00000000c5300000, 0x00000000c5300000| Untracked 
|  24|0x00000000c5400000, 0x00000000c5400000, 0x00000000c5500000|  0%| F|  |TAMS 0x00000000c5400000, 0x00000000c5400000| Untracked 
|  25|0x00000000c5500000, 0x00000000c5500000, 0x00000000c5600000|  0%| F|  |TAMS 0x00000000c5500000, 0x00000000c5500000| Untracked 
|  26|0x00000000c5600000, 0x00000000c5600000, 0x00000000c5700000|  0%| F|  |TAMS 0x00000000c5600000, 0x00000000c5600000| Untracked 
|  27|0x00000000c5700000, 0x00000000c5700000, 0x00000000c5800000|  0%| F|  |TAMS 0x00000000c5700000, 0x00000000c5700000| Untracked 
|  28|0x00000000c5800000, 0x00000000c5800000, 0x00000000c5900000|  0%| F|  |TAMS 0x00000000c5800000, 0x00000000c5800000| Untracked 
|  29|0x00000000c5900000, 0x00000000c5900000, 0x00000000c5a00000|  0%| F|  |TAMS 0x00000000c5900000, 0x00000000c5900000| Untracked 
|  30|0x00000000c5a00000, 0x00000000c5a00000, 0x00000000c5b00000|  0%| F|  |TAMS 0x00000000c5a00000, 0x00000000c5a00000| Untracked 
|  31|0x00000000c5b00000, 0x00000000c5b00000, 0x00000000c5c00000|  0%| F|  |TAMS 0x00000000c5b00000, 0x00000000c5b00000| Untracked 
|  32|0x00000000c5c00000, 0x00000000c5c00000, 0x00000000c5d00000|  0%| F|  |TAMS 0x00000000c5c00000, 0x00000000c5c00000| Untracked 
|  33|0x00000000c5d00000, 0x00000000c5d00000, 0x00000000c5e00000|  0%| F|  |TAMS 0x00000000c5d00000, 0x00000000c5d00000| Untracked 
|  34|0x00000000c5e00000, 0x00000000c5e00000, 0x00000000c5f00000|  0%| F|  |TAMS 0x00000000c5e00000, 0x00000000c5e00000| Untracked 
|  35|0x00000000c5f00000, 0x00000000c5f00000, 0x00000000c6000000|  0%| F|  |TAMS 0x00000000c5f00000, 0x00000000c5f00000| Untracked 
|  36|0x00000000c6000000, 0x00000000c6000000, 0x00000000c6100000|  0%| F|  |TAMS 0x00000000c6000000, 0x00000000c6000000| Untracked 
|  37|0x00000000c6100000, 0x00000000c6100000, 0x00000000c6200000|  0%| F|  |TAMS 0x00000000c6100000, 0x00000000c6100000| Untracked 
|  38|0x00000000c6200000, 0x00000000c6200000, 0x00000000c6300000|  0%| F|  |TAMS 0x00000000c6200000, 0x00000000c6200000| Untracked 
|  39|0x00000000c6300000, 0x00000000c6300000, 0x00000000c6400000|  0%| F|  |TAMS 0x00000000c6300000, 0x00000000c6300000| Untracked 
|  40|0x00000000c6400000, 0x00000000c6400000, 0x00000000c6500000|  0%| F|  |TAMS 0x00000000c6400000, 0x00000000c6400000| Untracked 
|  41|0x00000000c6500000, 0x00000000c6500000, 0x00000000c6600000|  0%| F|  |TAMS 0x00000000c6500000, 0x00000000c6500000| Untracked 
|  42|0x00000000c6600000, 0x00000000c6600000, 0x00000000c6700000|  0%| F|  |TAMS 0x00000000c6600000, 0x00000000c6600000| Untracked 
|  43|0x00000000c6700000, 0x00000000c6700000, 0x00000000c6800000|  0%| F|  |TAMS 0x00000000c6700000, 0x00000000c6700000| Untracked 
|  44|0x00000000c6800000, 0x00000000c6800000, 0x00000000c6900000|  0%| F|  |TAMS 0x00000000c6800000, 0x00000000c6800000| Untracked 
|  45|0x00000000c6900000, 0x00000000c6900000, 0x00000000c6a00000|  0%| F|  |TAMS 0x00000000c6900000, 0x00000000c6900000| Untracked 
|  46|0x00000000c6a00000, 0x00000000c6a00000, 0x00000000c6b00000|  0%| F|  |TAMS 0x00000000c6a00000, 0x00000000c6a00000| Untracked 
|  47|0x00000000c6b00000, 0x00000000c6b00000, 0x00000000c6c00000|  0%| F|  |TAMS 0x00000000c6b00000, 0x00000000c6b00000| Untracked 
|  48|0x00000000c6c00000, 0x00000000c6c00000, 0x00000000c6d00000|  0%| F|  |TAMS 0x00000000c6c00000, 0x00000000c6c00000| Untracked 
|  49|0x00000000c6d00000, 0x00000000c6d00000, 0x00000000c6e00000|  0%| F|  |TAMS 0x00000000c6d00000, 0x00000000c6d00000| Untracked 
|  50|0x00000000c6e00000, 0x00000000c6e00000, 0x00000000c6f00000|  0%| F|  |TAMS 0x00000000c6e00000, 0x00000000c6e00000| Untracked 
|  51|0x00000000c6f00000, 0x00000000c6f00000, 0x00000000c7000000|  0%| F|  |TAMS 0x00000000c6f00000, 0x00000000c6f00000| Untracked 
|  52|0x00000000c7000000, 0x00000000c7000000, 0x00000000c7100000|  0%| F|  |TAMS 0x00000000c7000000, 0x00000000c7000000| Untracked 
|  53|0x00000000c7100000, 0x00000000c7100000, 0x00000000c7200000|  0%| F|  |TAMS 0x00000000c7100000, 0x00000000c7100000| Untracked 
|  54|0x00000000c7200000, 0x00000000c7200000, 0x00000000c7300000|  0%| F|  |TAMS 0x00000000c7200000, 0x00000000c7200000| Untracked 
|  55|0x00000000c7300000, 0x00000000c7300000, 0x00000000c7400000|  0%| F|  |TAMS 0x00000000c7300000, 0x00000000c7300000| Untracked 
|  56|0x00000000c7400000, 0x00000000c7400000, 0x00000000c7500000|  0%| F|  |TAMS 0x00000000c7400000, 0x00000000c7400000| Untracked 
|  57|0x00000000c7500000, 0x00000000c7500000, 0x00000000c7600000|  0%| F|  |TAMS 0x00000000c7500000, 0x00000000c7500000| Untracked 
|  58|0x00000000c7600000, 0x00000000c7600000, 0x00000000c7700000|  0%| F|  |TAMS 0x00000000c7600000, 0x00000000c7600000| Untracked 
|  59|0x00000000c7700000, 0x00000000c7700000, 0x00000000c7800000|  0%| F|  |TAMS 0x00000000c7700000, 0x00000000c7700000| Untracked 
|  60|0x00000000c7800000, 0x00000000c788aa60, 0x00000000c7900000| 54%| S|CS|TAMS 0x00000000c7800000, 0x00000000c7800000| Complete 
|  61|0x00000000c7900000, 0x00000000c7a00000, 0x00000000c7a00000|100%| S|CS|TAMS 0x00000000c7900000, 0x00000000c7900000| Complete 

Card table byte_map: [0x000001b8f9ed0000,0x000001b8fa0c0000] _byte_map_base: 0x000001b8f98b2000

Marking Bits (Prev, Next): (CMBitMap*) 0x000001b8f57e1308, (CMBitMap*) 0x000001b8f57e1340
 Prev Bits: [0x000001b8fa2b0000, 0x000001b8fb1c0000)
 Next Bits: [0x000001b8fb1c0000, 0x000001b8fc0d0000)

Polling page: 0x000001b8f5890000

Metaspace:

Usage:
  Non-class:      4.13 MB capacity,     1.10 MB ( 27%) used,     3.02 MB ( 73%) free+waste,     3.69 KB ( <1%) overhead. 
      Class:    423.00 KB capacity,   116.19 KB ( 27%) used,   304.56 KB ( 72%) free+waste,     2.25 KB ( <1%) overhead. 
       Both:      4.55 MB capacity,     1.22 MB ( 27%) used,     3.32 MB ( 73%) free+waste,     5.94 KB ( <1%) overhead. 

Virtual space:
  Non-class space:        8.00 MB reserved,       4.25 MB ( 53%) committed 
      Class space:        1.00 GB reserved,     512.00 KB ( <1%) committed 
             Both:        1.01 GB reserved,       4.75 MB ( <1%) committed 

Chunk freelists:
   Non-Class:  0 bytes
       Class:  1.00 KB
        Both:  1.00 KB

CodeHeap 'non-profiled nmethods': size=120064Kb used=97Kb max_used=97Kb free=119966Kb
 bounds [0x000001b887ac0000, 0x000001b887d30000, 0x000001b88f000000]
CodeHeap 'profiled nmethods': size=120000Kb used=403Kb max_used=403Kb free=119596Kb
 bounds [0x000001b880590000, 0x000001b880800000, 0x000001b887ac0000]
CodeHeap 'non-nmethods': size=5696Kb used=1073Kb max_used=1088Kb free=4622Kb
 bounds [0x000001b880000000, 0x000001b880270000, 0x000001b880590000]
 total_blobs=738 nmethods=297 adapters=274
 compilation: enabled
              stopped_count=0, restarted_count=0
 full_count=0

Compilation events (10 events):
Event: 1.039 Thread 0x000001b8fee98000 nmethod 295 0x000001b887ad5290 code [0x000001b887ad5440, 0x000001b887ad5578]
Event: 1.049 Thread 0x000001b8fee82800 nmethod 278 0x000001b887ad5610 code [0x000001b887ad57e0, 0x000001b887ad6398]
Event: 1.049 Thread 0x000001b8fee82800  285       4       java.util.HashMap::putVal (300 bytes)
Event: 1.068 Thread 0x000001b8fee82800 nmethod 285 0x000001b887ad6690 code [0x000001b887ad6880, 0x000001b887ad76b8]
Event: 1.068 Thread 0x000001b8fee82800  290       4       java.lang.String::charAt (25 bytes)
Event: 1.069 Thread 0x000001b8fee82800 nmethod 290 0x000001b887ad7c10 code [0x000001b887ad7dc0, 0x000001b887ad7ea8]
Event: 1.069 Thread 0x000001b8fee82800  282       4       java.util.HashMap::put (13 bytes)
Event: 1.070 Thread 0x000001b8fee82800 nmethod 282 0x000001b887ad7f90 code [0x000001b887ad8140, 0x000001b887ad8268]
Event: 8.036 Thread 0x000001b8fee98000  297       1       java.nio.Buffer::position (5 bytes)
Event: 8.036 Thread 0x000001b8fee98000 nmethod 297 0x000001b887ad8390 code [0x000001b887ad8540, 0x000001b887ad8678]

GC Heap History (4 events):
Event: 8.037 GC heap before
{Heap before GC invocations=0 (full 0):
 garbage-first heap   total 63488K, used 3072K [0x00000000c3c00000, 0x0000000100000000)
  region size 1024K, 4 young (4096K), 0 survivors (0K)
 Metaspace       used 1247K, capacity 4655K, committed 4864K, reserved 1056768K
  class space    used 116K, capacity 423K, committed 512K, reserved 1048576K
}
Event: 8.042 GC heap after
{Heap after GC invocations=1 (full 0):
 garbage-first heap   total 63488K, used 1488K [0x00000000c3c00000, 0x0000000100000000)
  region size 1024K, 2 young (2048K), 2 survivors (2048K)
 Metaspace       used 1247K, capacity 4655K, committed 4864K, reserved 1056768K
  class space    used 116K, capacity 423K, committed 512K, reserved 1048576K
}
Event: 8.044 GC heap before
{Heap before GC invocations=1 (full 0):
 garbage-first heap   total 63488K, used 1488K [0x00000000c3c00000, 0x0000000100000000)
  region size 1024K, 2 young (2048K), 2 survivors (2048K)
 Metaspace       used 1247K, capacity 4655K, committed 4864K, reserved 1056768K
  class space    used 116K, capacity 423K, committed 512K, reserved 1048576K
}
Event: 8.046 GC heap after
{Heap after GC invocations=2 (full 0):
 garbage-first heap   total 63488K, used 1578K [0x00000000c3c00000, 0x0000000100000000)
  region size 1024K, 2 young (2048K), 2 survivors (2048K)
 Metaspace       used 1247K, capacity 4655K, committed 4864K, reserved 1056768K
  class space    used 116K, capacity 423K, committed 512K, reserved 1048576K
}

Deoptimization events (6 events):
Event: 0.141 Thread 0x000001b8f57b1000 Uncommon trap: reason=class_check action=maybe_recompile pc=0x000001b887ace7ec method=java.util.HashMap.putVal(ILjava/lang/Object;Ljava/lang/Object;ZZ)Ljava/lang/Object; @ 152 c2
Event: 0.146 Thread 0x000001b8f57b1000 Uncommon trap: reason=class_check action=maybe_recompile pc=0x000001b887ace7ec method=java.util.HashMap.putVal(ILjava/lang/Object;Ljava/lang/Object;ZZ)Ljava/lang/Object; @ 152 c2
Event: 0.163 Thread 0x000001b8f57b1000 Uncommon trap: reason=class_check action=maybe_recompile pc=0x000001b887ace7ec method=java.util.HashMap.putVal(ILjava/lang/Object;Ljava/lang/Object;ZZ)Ljava/lang/Object; @ 152 c2
Event: 0.170 Thread 0x000001b8f57b1000 Uncommon trap: reason=unstable_if action=reinterpret pc=0x000001b887acf1a0 method=java.lang.String.isLatin1()Z @ 10 c2
Event: 0.171 Thread 0x000001b8f57b1000 Uncommon trap: reason=unstable_if action=reinterpret pc=0x000001b887ac6308 method=java.lang.String.isLatin1()Z @ 10 c2
Event: 1.034 Thread 0x000001b8fee7f000 Uncommon trap: reason=class_check action=maybe_recompile pc=0x000001b887ace7ec method=java.util.HashMap.putVal(ILjava/lang/Object;Ljava/lang/Object;ZZ)Ljava/lang/Object; @ 152 c2

Classes redefined (0 events):
No events

Internal exceptions (1 events):
Event: 0.154 Thread 0x000001b8f57b1000 Exception <a 'java/lang/NoSuchMethodError'{0x00000000c7710570}: java.lang.invoke.DirectMethodHandle$Holder.invokeSpecialIFC(Ljava/lang/Object;Ljava/lang/Object;I)I> (0x00000000c7710570) thrown at [c:/BuildAgent/work/494cbf65e275b67e/src/hotspot/share/inte

Events (10 events):
Event: 1.034 Thread 0x000001b8fee7f000 Uncommon trap: trap_request=0xffffffde fr.pc=0x000001b887ace7ec relative=0x0000000000000aec
Event: 1.034 Thread 0x000001b8fee7f000 DEOPT PACKING pc=0x000001b887ace7ec sp=0x0000001d688fe590
Event: 1.034 Thread 0x000001b8fee7f000 DEOPT UNPACKING pc=0x000001b88002922f sp=0x0000001d688fe510 mode 2
Event: 1.035 loading class java/util/LinkedHashMap$LinkedKeySet
Event: 1.035 loading class java/util/LinkedHashMap$LinkedKeySet done
Event: 8.037 loading class java/util/regex/Pattern$2
Event: 8.037 loading class java/util/regex/Pattern$2 done
Event: 8.037 Executing VM operation: G1CollectForAllocation
Event: 8.042 Executing VM operation: G1CollectForAllocation done
Event: 8.042 Executing VM operation: G1CollectForAllocation


Dynamic libraries:
0x00007ff75df10000 - 0x00007ff75df57000 	C:\Program Files\JetBrains\IntelliJ IDEA Community Edition 2019.2\jbr\bin\java.exe
0x00007ffad4880000 - 0x00007ffad4a60000 	C:\Windows\SYSTEM32\ntdll.dll
0x00007ffad4350000 - 0x00007ffad43fe000 	C:\Windows\System32\KERNEL32.DLL
0x00007ffad1770000 - 0x00007ffad19d6000 	C:\Windows\System32\KERNELBASE.dll
0x00007ffad3eb0000 - 0x00007ffad403f000 	C:\Windows\System32\USER32.dll
0x00007ffad0d80000 - 0x00007ffad0da0000 	C:\Windows\System32\win32u.dll
0x00007ffad2400000 - 0x00007ffad2428000 	C:\Windows\System32\GDI32.dll
0x00007ffad19e0000 - 0x00007ffad1b74000 	C:\Windows\System32\gdi32full.dll
0x00007ffad1c00000 - 0x00007ffad1c9b000 	C:\Windows\System32\msvcp_win.dll
0x00007ffad0c80000 - 0x00007ffad0d76000 	C:\Windows\System32\ucrtbase.dll
0x00007ffabfbb0000 - 0x00007ffabfe19000 	C:\Windows\WinSxS\amd64_microsoft.windows.common-controls_6595b64144ccf1df_6.0.16299.64_none_cc9304e22215ca8f\COMCTL32.dll
0x00007ffad1f10000 - 0x00007ffad1fad000 	C:\Windows\System32\msvcrt.dll
0x00007ffad4040000 - 0x00007ffad4348000 	C:\Windows\System32\combase.dll
0x00007ffad2660000 - 0x00007ffad277f000 	C:\Windows\System32\RPCRT4.dll
0x00007ffad1b80000 - 0x00007ffad1bf2000 	C:\Windows\System32\bcryptPrimitives.dll
0x00007ffad3e70000 - 0x00007ffad3e9d000 	C:\Windows\System32\IMM32.DLL
0x00007ffaca490000 - 0x00007ffaca4a7000 	C:\Program Files\JetBrains\IntelliJ IDEA Community Edition 2019.2\jbr\bin\vcruntime140.dll
0x00007ffab77c0000 - 0x00007ffab785d000 	C:\Program Files\JetBrains\IntelliJ IDEA Community Edition 2019.2\jbr\bin\msvcp140.dll
0x00007ffaa37c0000 - 0x00007ffaa4277000 	C:\Program Files\JetBrains\IntelliJ IDEA Community Edition 2019.2\jbr\bin\server\jvm.dll
0x00007ffad20e0000 - 0x00007ffad2181000 	C:\Windows\System32\ADVAPI32.dll
0x00007ffad23a0000 - 0x00007ffad23fb000 	C:\Windows\System32\sechost.dll
0x00007ffad3e60000 - 0x00007ffad3e68000 	C:\Windows\System32\PSAPI.DLL
0x00007ffacc180000 - 0x00007ffacc189000 	C:\Windows\SYSTEM32\WSOCK32.dll
0x00007ffad2780000 - 0x00007ffad27ec000 	C:\Windows\System32\WS2_32.dll
0x00007ffacef40000 - 0x00007ffacef63000 	C:\Windows\SYSTEM32\WINMM.dll
0x00007ffacccc0000 - 0x00007ffacccca000 	C:\Windows\SYSTEM32\VERSION.dll
0x00007fface9e0000 - 0x00007ffacea0a000 	C:\Windows\SYSTEM32\WINMMBASE.dll
0x00007ffad1d00000 - 0x00007ffad1d4a000 	C:\Windows\System32\cfgmgr32.dll
0x00007ffad0c20000 - 0x00007ffad0c31000 	C:\Windows\System32\kernel.appcore.dll
0x00007ffacc160000 - 0x00007ffacc171000 	C:\Program Files\JetBrains\IntelliJ IDEA Community Edition 2019.2\jbr\bin\verify.dll
0x00007ffacb4e0000 - 0x00007ffacb6a8000 	C:\Windows\SYSTEM32\DBGHELP.DLL
0x00007ffacae80000 - 0x00007ffacaea9000 	C:\Windows\SYSTEM32\dbgcore.DLL
0x00007ffacc130000 - 0x00007ffacc159000 	C:\Program Files\JetBrains\IntelliJ IDEA Community Edition 2019.2\jbr\bin\java.dll
0x00007ffacca10000 - 0x00007ffacca44000 	C:\Program Files\JetBrains\IntelliJ IDEA Community Edition 2019.2\jbr\bin\instrument.dll
0x00007ffacc110000 - 0x00007ffacc127000 	C:\Program Files\JetBrains\IntelliJ IDEA Community Edition 2019.2\jbr\bin\zip.dll
0x00007ffacc100000 - 0x00007ffacc10b000 	C:\Program Files\JetBrains\IntelliJ IDEA Community Edition 2019.2\jbr\bin\jimage.dll
0x00007ffad2a20000 - 0x00007ffad3e57000 	C:\Windows\System32\SHELL32.dll
0x00007ffad2970000 - 0x00007ffad2a16000 	C:\Windows\System32\shcore.dll
0x00007ffad0da0000 - 0x00007ffad14e7000 	C:\Windows\System32\windows.storage.dll
0x00007ffad24b0000 - 0x00007ffad2501000 	C:\Windows\System32\shlwapi.dll
0x00007ffad0bd0000 - 0x00007ffad0c1c000 	C:\Windows\System32\powrprof.dll
0x00007ffad0c60000 - 0x00007ffad0c7b000 	C:\Windows\System32\profapi.dll
0x00007ffacc0e0000 - 0x00007ffacc0fa000 	C:\Program Files\JetBrains\IntelliJ IDEA Community Edition 2019.2\jbr\bin\net.dll
0x00007ffac53f0000 - 0x00007ffac55bc000 	C:\Windows\SYSTEM32\urlmon.dll
0x00007ffac7cd0000 - 0x00007ffac7dae000 	C:\Windows\SYSTEM32\WINHTTP.dll
0x00007ffad1d50000 - 0x00007ffad1d6d000 	C:\Windows\System32\imagehlp.dll
0x00007ffac7230000 - 0x00007ffac74c9000 	C:\Windows\SYSTEM32\iertutil.dll
0x00007ffad05c0000 - 0x00007ffad05cb000 	C:\Windows\SYSTEM32\CRYPTBASE.DLL
0x00007ffad0400000 - 0x00007ffad0466000 	C:\Windows\system32\mswsock.dll
0x00007ffacc0c0000 - 0x00007ffacc0d4000 	C:\Program Files\JetBrains\IntelliJ IDEA Community Edition 2019.2\jbr\bin\nio.dll
0x00007ffacc9f0000 - 0x00007ffacca0a000 	C:\Program Files\JetBrains\IntelliJ IDEA Community Edition 2019.2\bin\breakgen64.dll

dbghelp: loaded successfully - version: 4.0.5 - missing functions: none
symbol engine: initialized successfully - sym options: 0x614 - pdb path: .;C:\Program Files\JetBrains\IntelliJ IDEA Community Edition 2019.2\jbr\bin;C:\Windows\SYSTEM32;C:\Windows\WinSxS\amd64_microsoft.windows.common-controls_6595b64144ccf1df_6.0.16299.64_none_cc9304e22215ca8f;C:\Program Files\JetBrains\IntelliJ IDEA Community Edition 2019.2\jbr\bin\server;C:\Program Files\JetBrains\IntelliJ IDEA Community Edition 2019.2\bin

VM Arguments:
jvm_args: -javaagent:C:\Program Files\JetBrains\IntelliJ IDEA Community Edition 2019.2\lib\idea_rt.jar=50417:C:\Program Files\JetBrains\IntelliJ IDEA Community Edition 2019.2\bin -Dfile.encoding=UTF-8 
java_command: balexej.lesson4t1
java_class_path (initial): C:\Users\123\IdeaProjects\JC2019-09\out\production\JC2019-09
Launcher Type: SUN_STANDARD

[Global flags]
     intx CICompilerCount                          = 3                                         {product} {ergonomic}
     uint ConcGCThreads                            = 1                                         {product} {ergonomic}
     uint G1ConcRefinementThreads                  = 4                                         {product} {ergonomic}
   size_t G1HeapRegionSize                         = 1048576                                   {product} {ergonomic}
    uintx GCDrainStackTargetSize                   = 64                                        {product} {ergonomic}
   size_t InitialHeapSize                          = 65011712                                  {product} {ergonomic}
   size_t MarkStackSize                            = 4194304                                   {product} {ergonomic}
   size_t MaxHeapSize                              = 1010827264                                {product} {ergonomic}
   size_t MaxNewSize                               = 606076928                                 {product} {ergonomic}
   size_t MinHeapDeltaBytes                        = 1048576                                   {product} {ergonomic}
    uintx NonNMethodCodeHeapSize                   = 5830092                                {pd product} {ergonomic}
    uintx NonProfiledCodeHeapSize                  = 122914074                              {pd product} {ergonomic}
    uintx ProfiledCodeHeapSize                     = 122914074                              {pd product} {ergonomic}
    uintx ReservedCodeCacheSize                    = 251658240                              {pd product} {ergonomic}
     bool SegmentedCodeCache                       = true                                      {product} {ergonomic}
     bool UseCompressedClassPointers               = true                                 {lp64_product} {ergonomic}
     bool UseCompressedOops                        = true                                 {lp64_product} {ergonomic}
     bool UseG1GC                                  = true                                      {product} {ergonomic}
     bool UseLargePagesIndividualAllocation        = false                                  {pd product} {ergonomic}

Logging:
Log output configuration:
 #0: stdout all=warning uptime,level,tags
 #1: stderr all=off uptime,level,tags

Environment Variables:
PATH=C:\Program Files\JetBrains\IntelliJ IDEA Community Edition 2019.2\jbr\\bin;C:\Program Files\JetBrains\IntelliJ IDEA Community Edition 2019.2\jbr\\bin\server;C:\Program Files (x86)\Common Files\Oracle\Java\javapath;C:\Windows\system32;C:\Windows;C:\Windows\System32\Wbem;C:\Windows\System32\WindowsPowerShell\v1.0\;C:\Program Files (x86)\NVIDIA Corporation\PhysX\Common;C:\Program Files\Java\jdk1.8.0_221\bin;C:\Program Files\Git\cmd;C:\Users\123\AppData\Local\Microsoft\WindowsApps;C:\Users\123\AppData\Local\GitHubDesktop\bin
USERNAME=123
OS=Windows_NT
PROCESSOR_IDENTIFIER=Intel64 Family 6 Model 60 Stepping 3, GenuineIntel



---------------  S Y S T E M  ---------------

OS: Windows 10 , 64 bit Build 16299 (10.0.16299.15)

CPU:total 4 (initial active 4) (2 cores per cpu, 2 threads per core) family 6 model 60 stepping 3, cmov, cx8, fxsr, mmx, sse, sse2, sse3, ssse3, sse4.1, sse4.2, popcnt, avx, avx2, clmul, erms, lzcnt, ht, tsc, tscinvbit, bmi1, bmi2, fma

Memory: 4k page, system-wide physical 3848M (802M free)
TotalPageFile size 3848M (AvailPageFile size 100M)
current process WorkingSet (physical memory assigned to process): 41M, peak: 41M
current process commit charge ("private bytes"): 129M, peak: 1031M

vm_info: OpenJDK 64-Bit Server VM (11.0.3+12-b304.10) for windows-amd64 JRE (11.0.3+12-b304.10), built on Jun 25 2019 07:10:45 by "" with MS VC++ 14.0 (VS2015)

END.
