#
# There is insufficient memory for the Java Runtime Environment to continue.
# Native memory allocation (malloc) failed to allocate 32744 bytes for ChunkPool::allocate
# Possible reasons:
#   The system is out of physical RAM or swap space
#   The process is running with CompressedOops enabled, and the Java Heap may be blocking the growth of the native heap
# Possible solutions:
#   Reduce memory load on the system
#   Increase physical memory or swap space
#   Check if swap backing store is full
#   Decrease Java heap size (-Xmx/-Xms)
#   Decrease number of Java threads
#   Decrease Java thread stack sizes (-Xss)
#   Set larger code cache with -XX:ReservedCodeCacheSize=
#   JVM is running with Unscaled Compressed Oops mode in which the Java heap is
#     placed in the first 4GB address space. The Java Heap base address is the
#     maximum limit for the native heap growth. Please use -XX:HeapBaseMinAddress
#     to set the Java Heap base and to place the Java Heap above 4GB virtual address.
# This output file may be truncated or incomplete.
#
#  Out of Memory Error (c:/BuildAgent/work/494cbf65e275b67e/src/hotspot/share/memory/arena.cpp:81), pid=2368, tid=4268
#
# JRE version: OpenJDK Runtime Environment (11.0.3+12) (build 11.0.3+12-b304.10)
# Java VM: OpenJDK 64-Bit Server VM (11.0.3+12-b304.10, mixed mode, sharing, tiered, compressed oops, g1 gc, windows-amd64)
# No core dump will be written. Minidumps are not enabled by default on client versions of Windows
#

---------------  S U M M A R Y ------------

Command Line: -javaagent:C:\Program Files\JetBrains\IntelliJ IDEA Community Edition 2019.2\lib\idea_rt.jar=50344:C:\Program Files\JetBrains\IntelliJ IDEA Community Edition 2019.2\bin -Dfile.encoding=UTF-8 balexej.lesson4t1

Host: Intel(R) Core(TM) i3-4000M CPU @ 2.40GHz, 4 cores, 3G,  Windows 10 , 64 bit Build 16299 (10.0.16299.15)
Time: Mon Oct  7 16:23:40 2019 RTZ 2 (ceia) elapsed time: 0 seconds (0d 0h 0m 0s)

---------------  T H R E A D  ---------------

Current thread (0x0000022e7a08f000):  JavaThread "C2 CompilerThread0" daemon [_thread_in_vm, id=4268, stack(0x0000008679e00000,0x0000008679f00000)]

Stack: [0x0000008679e00000,0x0000008679f00000]
Native frames: (J=compiled Java code, j=interpreted, Vv=VM code, C=native code)
V  [jvm.dll+0x5da77a]
V  [jvm.dll+0x70b9c9]
V  [jvm.dll+0x70cee8]
V  [jvm.dll+0x70d5b3]
V  [jvm.dll+0x23ddc8]
V  [jvm.dll+0xb956b]
V  [jvm.dll+0xb981c]
V  [jvm.dll+0x1ab635]
V  [jvm.dll+0x1ac9f0]
V  [jvm.dll+0x2034d2]
V  [jvm.dll+0x6d885f]
V  [jvm.dll+0x6d165d]
V  [jvm.dll+0x5d9a56]
C  [ucrtbase.dll+0x1d885]
C  [KERNEL32.DLL+0x11fe4]
C  [ntdll.dll+0x6ef91]


---------------  P R O C E S S  ---------------

Threads class SMR info:
_java_thread_list=0x0000022e7a0949f0, length=9, elements={
0x0000022e62171000, 0x0000022e7a06c800, 0x0000022e7a072000, 0x0000022e7a08b000,
0x0000022e7a08e000, 0x0000022e7a08f000, 0x0000022e7a097000, 0x0000022e7a0a8800,
0x0000022e7a053800
}

Java Threads: ( => current thread )
  0x0000022e62171000 JavaThread "main" [_thread_in_Java, id=6168, stack(0x0000008679300000,0x0000008679400000)]
  0x0000022e7a06c800 JavaThread "Reference Handler" daemon [_thread_blocked, id=4856, stack(0x0000008679a00000,0x0000008679b00000)]
  0x0000022e7a072000 JavaThread "Finalizer" daemon [_thread_blocked, id=5704, stack(0x0000008679b00000,0x0000008679c00000)]
  0x0000022e7a08b000 JavaThread "Signal Dispatcher" daemon [_thread_blocked, id=2672, stack(0x0000008679c00000,0x0000008679d00000)]
  0x0000022e7a08e000 JavaThread "Attach Listener" daemon [_thread_blocked, id=5004, stack(0x0000008679d00000,0x0000008679e00000)]
=>0x0000022e7a08f000 JavaThread "C2 CompilerThread0" daemon [_thread_in_vm, id=4268, stack(0x0000008679e00000,0x0000008679f00000)]
  0x0000022e7a097000 JavaThread "C1 CompilerThread0" daemon [_thread_blocked, id=4936, stack(0x0000008679f00000,0x000000867a000000)]
  0x0000022e7a0a8800 JavaThread "Sweeper thread" daemon [_thread_blocked, id=4984, stack(0x000000867a000000,0x000000867a100000)]
  0x0000022e7a053800 JavaThread "Common-Cleaner" daemon [_thread_blocked, id=4940, stack(0x000000867a100000,0x000000867a200000)]

Other Threads:
  0x0000022e7a06a800 VMThread "VM Thread" [stack: 0x0000008679900000,0x0000008679a00000] [id=4832]
  0x0000022e62188800 GCTaskThread "GC Thread#0" [stack: 0x0000008679400000,0x0000008679500000] [id=7048]
  0x0000022e621a5000 ConcurrentGCThread "G1 Main Marker" [stack: 0x0000008679500000,0x0000008679600000] [id=1204]
  0x0000022e621a6800 ConcurrentGCThread "G1 Conc#0" [stack: 0x0000008679600000,0x0000008679700000] [id=3088]
  0x0000022e621ec000 ConcurrentGCThread "G1 Refine#0" [stack: 0x0000008679700000,0x0000008679800000] [id=4596]
  0x0000022e621ee800 ConcurrentGCThread "G1 Young RemSet Sampling" [stack: 0x0000008679800000,0x0000008679900000] [id=4600]

Threads with active compile tasks:

VM state:not at safepoint (normal execution)

VM Mutex/Monitor currently owned by a thread:  ([mutex/lock_event])
[0x0000022e6216eea0] CompileThread_lock - owner thread: 0x0000022e7a08f000

Heap address: 0x00000000c3c00000, size: 964 MB, Compressed Oops mode: 32-bit
Narrow klass base: 0x0000000800000000, Narrow klass shift: 3
Compressed class space size: 1073741824 Address: 0x0000000840000000

Heap:
 garbage-first heap   total 63488K, used 0K [0x00000000c3c00000, 0x0000000100000000)
  region size 1024K, 1 young (1024K), 0 survivors (0K)
 Metaspace       used 293K, capacity 691K, committed 1024K, reserved 1060864K
  class space    used 29K, capacity 398K, committed 512K, reserved 1048576K
Heap Regions: E=young(eden), S=young(survivor), O=old, HS=humongous(starts), HC=humongous(continues), CS=collection set, F=free, A=archive, TAMS=top-at-mark-start (previous, next)
|   0|0x00000000c3c00000, 0x00000000c3c00000, 0x00000000c3d00000|  0%| F|  |TAMS 0x00000000c3c00000, 0x00000000c3c00000| Untracked 
|   1|0x00000000c3d00000, 0x00000000c3d00000, 0x00000000c3e00000|  0%| F|  |TAMS 0x00000000c3d00000, 0x00000000c3d00000| Untracked 
|   2|0x00000000c3e00000, 0x00000000c3e00000, 0x00000000c3f00000|  0%| F|  |TAMS 0x00000000c3e00000, 0x00000000c3e00000| Untracked 
|   3|0x00000000c3f00000, 0x00000000c3f00000, 0x00000000c4000000|  0%| F|  |TAMS 0x00000000c3f00000, 0x00000000c3f00000| Untracked 
|   4|0x00000000c4000000, 0x00000000c4000000, 0x00000000c4100000|  0%| F|  |TAMS 0x00000000c4000000, 0x00000000c4000000| Untracked 
|   5|0x00000000c4100000, 0x00000000c4100000, 0x00000000c4200000|  0%| F|  |TAMS 0x00000000c4100000, 0x00000000c4100000| Untracked 
|   6|0x00000000c4200000, 0x00000000c4200000, 0x00000000c4300000|  0%| F|  |TAMS 0x00000000c4200000, 0x00000000c4200000| Untracked 
|   7|0x00000000c4300000, 0x00000000c4300000, 0x00000000c4400000|  0%| F|  |TAMS 0x00000000c4300000, 0x00000000c4300000| Untracked 
|   8|0x00000000c4400000, 0x00000000c4400000, 0x00000000c4500000|  0%| F|  |TAMS 0x00000000c4400000, 0x00000000c4400000| Untracked 
|   9|0x00000000c4500000, 0x00000000c4500000, 0x00000000c4600000|  0%| F|  |TAMS 0x00000000c4500000, 0x00000000c4500000| Untracked 
|  10|0x00000000c4600000, 0x00000000c4600000, 0x00000000c4700000|  0%| F|  |TAMS 0x00000000c4600000, 0x00000000c4600000| Untracked 
|  11|0x00000000c4700000, 0x00000000c4700000, 0x00000000c4800000|  0%| F|  |TAMS 0x00000000c4700000, 0x00000000c4700000| Untracked 
|  12|0x00000000c4800000, 0x00000000c4800000, 0x00000000c4900000|  0%| F|  |TAMS 0x00000000c4800000, 0x00000000c4800000| Untracked 
|  13|0x00000000c4900000, 0x00000000c4900000, 0x00000000c4a00000|  0%| F|  |TAMS 0x00000000c4900000, 0x00000000c4900000| Untracked 
|  14|0x00000000c4a00000, 0x00000000c4a00000, 0x00000000c4b00000|  0%| F|  |TAMS 0x00000000c4a00000, 0x00000000c4a00000| Untracked 
|  15|0x00000000c4b00000, 0x00000000c4b00000, 0x00000000c4c00000|  0%| F|  |TAMS 0x00000000c4b00000, 0x00000000c4b00000| Untracked 
|  16|0x00000000c4c00000, 0x00000000c4c00000, 0x00000000c4d00000|  0%| F|  |TAMS 0x00000000c4c00000, 0x00000000c4c00000| Untracked 
|  17|0x00000000c4d00000, 0x00000000c4d00000, 0x00000000c4e00000|  0%| F|  |TAMS 0x00000000c4d00000, 0x00000000c4d00000| Untracked 
|  18|0x00000000c4e00000, 0x00000000c4e00000, 0x00000000c4f00000|  0%| F|  |TAMS 0x00000000c4e00000, 0x00000000c4e00000| Untracked 
|  19|0x00000000c4f00000, 0x00000000c4f00000, 0x00000000c5000000|  0%| F|  |TAMS 0x00000000c4f00000, 0x00000000c4f00000| Untracked 
|  20|0x00000000c5000000, 0x00000000c5000000, 0x00000000c5100000|  0%| F|  |TAMS 0x00000000c5000000, 0x00000000c5000000| Untracked 
|  21|0x00000000c5100000, 0x00000000c5100000, 0x00000000c5200000|  0%| F|  |TAMS 0x00000000c5100000, 0x00000000c5100000| Untracked 
|  22|0x00000000c5200000, 0x00000000c5200000, 0x00000000c5300000|  0%| F|  |TAMS 0x00000000c5200000, 0x00000000c5200000| Untracked 
|  23|0x00000000c5300000, 0x00000000c5300000, 0x00000000c5400000|  0%| F|  |TAMS 0x00000000c5300000, 0x00000000c5300000| Untracked 
|  24|0x00000000c5400000, 0x00000000c5400000, 0x00000000c5500000|  0%| F|  |TAMS 0x00000000c5400000, 0x00000000c5400000| Untracked 
|  25|0x00000000c5500000, 0x00000000c5500000, 0x00000000c5600000|  0%| F|  |TAMS 0x00000000c5500000, 0x00000000c5500000| Untracked 
|  26|0x00000000c5600000, 0x00000000c5600000, 0x00000000c5700000|  0%| F|  |TAMS 0x00000000c5600000, 0x00000000c5600000| Untracked 
|  27|0x00000000c5700000, 0x00000000c5700000, 0x00000000c5800000|  0%| F|  |TAMS 0x00000000c5700000, 0x00000000c5700000| Untracked 
|  28|0x00000000c5800000, 0x00000000c5800000, 0x00000000c5900000|  0%| F|  |TAMS 0x00000000c5800000, 0x00000000c5800000| Untracked 
|  29|0x00000000c5900000, 0x00000000c5900000, 0x00000000c5a00000|  0%| F|  |TAMS 0x00000000c5900000, 0x00000000c5900000| Untracked 
|  30|0x00000000c5a00000, 0x00000000c5a00000, 0x00000000c5b00000|  0%| F|  |TAMS 0x00000000c5a00000, 0x00000000c5a00000| Untracked 
|  31|0x00000000c5b00000, 0x00000000c5b00000, 0x00000000c5c00000|  0%| F|  |TAMS 0x00000000c5b00000, 0x00000000c5b00000| Untracked 
|  32|0x00000000c5c00000, 0x00000000c5c00000, 0x00000000c5d00000|  0%| F|  |TAMS 0x00000000c5c00000, 0x00000000c5c00000| Untracked 
|  33|0x00000000c5d00000, 0x00000000c5d00000, 0x00000000c5e00000|  0%| F|  |TAMS 0x00000000c5d00000, 0x00000000c5d00000| Untracked 
|  34|0x00000000c5e00000, 0x00000000c5e00000, 0x00000000c5f00000|  0%| F|  |TAMS 0x00000000c5e00000, 0x00000000c5e00000| Untracked 
|  35|0x00000000c5f00000, 0x00000000c5f00000, 0x00000000c6000000|  0%| F|  |TAMS 0x00000000c5f00000, 0x00000000c5f00000| Untracked 
|  36|0x00000000c6000000, 0x00000000c6000000, 0x00000000c6100000|  0%| F|  |TAMS 0x00000000c6000000, 0x00000000c6000000| Untracked 
|  37|0x00000000c6100000, 0x00000000c6100000, 0x00000000c6200000|  0%| F|  |TAMS 0x00000000c6100000, 0x00000000c6100000| Untracked 
|  38|0x00000000c6200000, 0x00000000c6200000, 0x00000000c6300000|  0%| F|  |TAMS 0x00000000c6200000, 0x00000000c6200000| Untracked 
|  39|0x00000000c6300000, 0x00000000c6300000, 0x00000000c6400000|  0%| F|  |TAMS 0x00000000c6300000, 0x00000000c6300000| Untracked 
|  40|0x00000000c6400000, 0x00000000c6400000, 0x00000000c6500000|  0%| F|  |TAMS 0x00000000c6400000, 0x00000000c6400000| Untracked 
|  41|0x00000000c6500000, 0x00000000c6500000, 0x00000000c6600000|  0%| F|  |TAMS 0x00000000c6500000, 0x00000000c6500000| Untracked 
|  42|0x00000000c6600000, 0x00000000c6600000, 0x00000000c6700000|  0%| F|  |TAMS 0x00000000c6600000, 0x00000000c6600000| Untracked 
|  43|0x00000000c6700000, 0x00000000c6700000, 0x00000000c6800000|  0%| F|  |TAMS 0x00000000c6700000, 0x00000000c6700000| Untracked 
|  44|0x00000000c6800000, 0x00000000c6800000, 0x00000000c6900000|  0%| F|  |TAMS 0x00000000c6800000, 0x00000000c6800000| Untracked 
|  45|0x00000000c6900000, 0x00000000c6900000, 0x00000000c6a00000|  0%| F|  |TAMS 0x00000000c6900000, 0x00000000c6900000| Untracked 
|  46|0x00000000c6a00000, 0x00000000c6a00000, 0x00000000c6b00000|  0%| F|  |TAMS 0x00000000c6a00000, 0x00000000c6a00000| Untracked 
|  47|0x00000000c6b00000, 0x00000000c6b00000, 0x00000000c6c00000|  0%| F|  |TAMS 0x00000000c6b00000, 0x00000000c6b00000| Untracked 
|  48|0x00000000c6c00000, 0x00000000c6c00000, 0x00000000c6d00000|  0%| F|  |TAMS 0x00000000c6c00000, 0x00000000c6c00000| Untracked 
|  49|0x00000000c6d00000, 0x00000000c6d00000, 0x00000000c6e00000|  0%| F|  |TAMS 0x00000000c6d00000, 0x00000000c6d00000| Untracked 
|  50|0x00000000c6e00000, 0x00000000c6e00000, 0x00000000c6f00000|  0%| F|  |TAMS 0x00000000c6e00000, 0x00000000c6e00000| Untracked 
|  51|0x00000000c6f00000, 0x00000000c6f00000, 0x00000000c7000000|  0%| F|  |TAMS 0x00000000c6f00000, 0x00000000c6f00000| Untracked 
|  52|0x00000000c7000000, 0x00000000c7000000, 0x00000000c7100000|  0%| F|  |TAMS 0x00000000c7000000, 0x00000000c7000000| Untracked 
|  53|0x00000000c7100000, 0x00000000c7100000, 0x00000000c7200000|  0%| F|  |TAMS 0x00000000c7100000, 0x00000000c7100000| Untracked 
|  54|0x00000000c7200000, 0x00000000c7200000, 0x00000000c7300000|  0%| F|  |TAMS 0x00000000c7200000, 0x00000000c7200000| Untracked 
|  55|0x00000000c7300000, 0x00000000c7300000, 0x00000000c7400000|  0%| F|  |TAMS 0x00000000c7300000, 0x00000000c7300000| Untracked 
|  56|0x00000000c7400000, 0x00000000c7400000, 0x00000000c7500000|  0%| F|  |TAMS 0x00000000c7400000, 0x00000000c7400000| Untracked 
|  57|0x00000000c7500000, 0x00000000c7500000, 0x00000000c7600000|  0%| F|  |TAMS 0x00000000c7500000, 0x00000000c7500000| Untracked 
|  58|0x00000000c7600000, 0x00000000c7600000, 0x00000000c7700000|  0%| F|  |TAMS 0x00000000c7600000, 0x00000000c7600000| Untracked 
|  59|0x00000000c7700000, 0x00000000c7700000, 0x00000000c7800000|  0%| F|  |TAMS 0x00000000c7700000, 0x00000000c7700000| Untracked 
|  60|0x00000000c7800000, 0x00000000c7848300, 0x00000000c7900000| 28%| E|  |TAMS 0x00000000c7800000, 0x00000000c7800000| Complete 
|  61|0x00000000c7900000, 0x00000000c7a00000, 0x00000000c7a00000|100%| E|CS|TAMS 0x00000000c7900000, 0x00000000c7900000| Complete 

Card table byte_map: [0x0000022e75210000,0x0000022e75400000] _byte_map_base: 0x0000022e74bf2000

Marking Bits (Prev, Next): (CMBitMap*) 0x0000022e621a07d8, (CMBitMap*) 0x0000022e621a0810
 Prev Bits: [0x0000022e755f0000, 0x0000022e76500000)
 Next Bits: [0x0000022e76500000, 0x0000022e77410000)

Polling page: 0x0000022e60080000

Metaspace:

Usage:
  Non-class:    293.00 KB capacity,   266.05 KB ( 91%) used,    25.13 KB (  9%) free+waste,     1.81 KB ( <1%) overhead. 
      Class:    398.00 KB capacity,    29.52 KB (  7%) used,   367.55 KB ( 92%) free+waste,   960 bytes ( <1%) overhead. 
       Both:    691.00 KB capacity,   295.57 KB ( 43%) used,   392.68 KB ( 57%) free+waste,     2.75 KB ( <1%) overhead. 

Virtual space:
  Non-class space:       12.00 MB reserved,     512.00 KB (  4%) committed 
      Class space:        1.00 GB reserved,     512.00 KB ( <1%) committed 
             Both:        1.01 GB reserved,       1.00 MB ( <1%) committed 

Chunk freelists:
   Non-Class:  27.00 KB
       Class:  0 bytes
        Both:  27.00 KB

CodeHeap 'non-profiled nmethods': size=120064Kb used=9Kb max_used=9Kb free=120054Kb
 bounds [0x0000022e6dae0000, 0x0000022e6dd50000, 0x0000022e75020000]
CodeHeap 'profiled nmethods': size=120000Kb used=0Kb max_used=0Kb free=120000Kb
 bounds [0x0000022e665b0000, 0x0000022e66820000, 0x0000022e6dae0000]
CodeHeap 'non-nmethods': size=5696Kb used=430Kb max_used=430Kb free=5265Kb
 bounds [0x0000022e66020000, 0x0000022e66290000, 0x0000022e665b0000]
 total_blobs=269 nmethods=17 adapters=200
 compilation: enabled
              stopped_count=0, restarted_count=0
 full_count=0

Compilation events (0 events):
No events

GC Heap History (0 events):
No events

Deoptimization events (0 events):
No events

Classes redefined (0 events):
No events

Internal exceptions (0 events):
No events

Events (8 events):
Event: 0.027 Thread 0x0000022e62171000 Thread added: 0x0000022e62171000
Event: 0.032 Thread 0x0000022e7a06c800 Thread added: 0x0000022e7a06c800
Event: 0.032 Thread 0x0000022e7a072000 Thread added: 0x0000022e7a072000
Event: 0.044 loading class sun/nio/cs/UTF_8$Encoder
Event: 0.044 loading class sun/nio/cs/UTF_8$Encoder done
Event: 0.045 Thread 0x0000022e7a08b000 Thread added: 0x0000022e7a08b000
Event: 0.046 Thread 0x0000022e7a08e000 Thread added: 0x0000022e7a08e000
Event: 0.046 Thread 0x0000022e7a08f000 Thread added: 0x0000022e7a08f000


Dynamic libraries:
0x00007ff75df10000 - 0x00007ff75df57000 	C:\Program Files\JetBrains\IntelliJ IDEA Community Edition 2019.2\jbr\bin\java.exe
0x00007ffad4880000 - 0x00007ffad4a60000 	C:\Windows\SYSTEM32\ntdll.dll
0x00007ffad4350000 - 0x00007ffad43fe000 	C:\Windows\System32\KERNEL32.DLL
0x00007ffad1770000 - 0x00007ffad19d6000 	C:\Windows\System32\KERNELBASE.dll
0x00007ffad3eb0000 - 0x00007ffad403f000 	C:\Windows\System32\USER32.dll
0x00007ffad0d80000 - 0x00007ffad0da0000 	C:\Windows\System32\win32u.dll
0x00007ffad2400000 - 0x00007ffad2428000 	C:\Windows\System32\GDI32.dll
0x00007ffad19e0000 - 0x00007ffad1b74000 	C:\Windows\System32\gdi32full.dll
0x00007ffad1c00000 - 0x00007ffad1c9b000 	C:\Windows\System32\msvcp_win.dll
0x00007ffad0c80000 - 0x00007ffad0d76000 	C:\Windows\System32\ucrtbase.dll
0x00007ffabfbb0000 - 0x00007ffabfe19000 	C:\Windows\WinSxS\amd64_microsoft.windows.common-controls_6595b64144ccf1df_6.0.16299.64_none_cc9304e22215ca8f\COMCTL32.dll
0x00007ffad1f10000 - 0x00007ffad1fad000 	C:\Windows\System32\msvcrt.dll
0x00007ffad4040000 - 0x00007ffad4348000 	C:\Windows\System32\combase.dll
0x00007ffad2660000 - 0x00007ffad277f000 	C:\Windows\System32\RPCRT4.dll
0x00007ffad1b80000 - 0x00007ffad1bf2000 	C:\Windows\System32\bcryptPrimitives.dll
0x00007ffad3e70000 - 0x00007ffad3e9d000 	C:\Windows\System32\IMM32.DLL
0x00007ffaca490000 - 0x00007ffaca4a7000 	C:\Program Files\JetBrains\IntelliJ IDEA Community Edition 2019.2\jbr\bin\vcruntime140.dll
0x00007ffab77c0000 - 0x00007ffab785d000 	C:\Program Files\JetBrains\IntelliJ IDEA Community Edition 2019.2\jbr\bin\msvcp140.dll
0x00007ffaa37c0000 - 0x00007ffaa4277000 	C:\Program Files\JetBrains\IntelliJ IDEA Community Edition 2019.2\jbr\bin\server\jvm.dll
0x00007ffad20e0000 - 0x00007ffad2181000 	C:\Windows\System32\ADVAPI32.dll
0x00007ffad23a0000 - 0x00007ffad23fb000 	C:\Windows\System32\sechost.dll
0x00007ffad3e60000 - 0x00007ffad3e68000 	C:\Windows\System32\PSAPI.DLL
0x00007ffacc180000 - 0x00007ffacc189000 	C:\Windows\SYSTEM32\WSOCK32.dll
0x00007ffad2780000 - 0x00007ffad27ec000 	C:\Windows\System32\WS2_32.dll
0x00007ffacef40000 - 0x00007ffacef63000 	C:\Windows\SYSTEM32\WINMM.dll
0x00007ffacccc0000 - 0x00007ffacccca000 	C:\Windows\SYSTEM32\VERSION.dll
0x00007fface9e0000 - 0x00007ffacea0a000 	C:\Windows\SYSTEM32\winmmbase.dll
0x00007ffad1d00000 - 0x00007ffad1d4a000 	C:\Windows\System32\cfgmgr32.dll
0x00007ffad0c20000 - 0x00007ffad0c31000 	C:\Windows\System32\kernel.appcore.dll
0x00007ffacc160000 - 0x00007ffacc171000 	C:\Program Files\JetBrains\IntelliJ IDEA Community Edition 2019.2\jbr\bin\verify.dll
0x00007ffacb4e0000 - 0x00007ffacb6a8000 	C:\Windows\SYSTEM32\DBGHELP.DLL
0x00007ffacae80000 - 0x00007ffacaea9000 	C:\Windows\SYSTEM32\dbgcore.DLL
0x00007ffacc130000 - 0x00007ffacc159000 	C:\Program Files\JetBrains\IntelliJ IDEA Community Edition 2019.2\jbr\bin\java.dll
0x00007ffac97d0000 - 0x00007ffac9804000 	C:\Program Files\JetBrains\IntelliJ IDEA Community Edition 2019.2\jbr\bin\instrument.dll
0x00007ffacc110000 - 0x00007ffacc127000 	C:\Program Files\JetBrains\IntelliJ IDEA Community Edition 2019.2\jbr\bin\zip.dll
0x00007ffacc100000 - 0x00007ffacc10b000 	C:\Program Files\JetBrains\IntelliJ IDEA Community Edition 2019.2\jbr\bin\jimage.dll
0x00007ffad2a20000 - 0x00007ffad3e57000 	C:\Windows\System32\SHELL32.dll
0x00007ffad2970000 - 0x00007ffad2a16000 	C:\Windows\System32\shcore.dll
0x00007ffad0da0000 - 0x00007ffad14e7000 	C:\Windows\System32\windows.storage.dll
0x00007ffad24b0000 - 0x00007ffad2501000 	C:\Windows\System32\shlwapi.dll
0x00007ffad0bd0000 - 0x00007ffad0c1c000 	C:\Windows\System32\powrprof.dll
0x00007ffad0c60000 - 0x00007ffad0c7b000 	C:\Windows\System32\profapi.dll

dbghelp: loaded successfully - version: 4.0.5 - missing functions: none
symbol engine: initialized successfully - sym options: 0x614 - pdb path: .;C:\Program Files\JetBrains\IntelliJ IDEA Community Edition 2019.2\jbr\bin;C:\Windows\SYSTEM32;C:\Windows\WinSxS\amd64_microsoft.windows.common-controls_6595b64144ccf1df_6.0.16299.64_none_cc9304e22215ca8f;C:\Program Files\JetBrains\IntelliJ IDEA Community Edition 2019.2\jbr\bin\server

VM Arguments:
jvm_args: -javaagent:C:\Program Files\JetBrains\IntelliJ IDEA Community Edition 2019.2\lib\idea_rt.jar=50344:C:\Program Files\JetBrains\IntelliJ IDEA Community Edition 2019.2\bin -Dfile.encoding=UTF-8 
java_command: balexej.lesson4t1
java_class_path (initial): C:\Users\123\IdeaProjects\JC2019-09\out\production\JC2019-09
Launcher Type: SUN_STANDARD

[Global flags]
     intx CICompilerCount                          = 3                                         {product} {ergonomic}
     uint ConcGCThreads                            = 1                                         {product} {ergonomic}
     uint G1ConcRefinementThreads                  = 4                                         {product} {ergonomic}
   size_t G1HeapRegionSize                         = 1048576                                   {product} {ergonomic}
    uintx GCDrainStackTargetSize                   = 64                                        {product} {ergonomic}
   size_t InitialHeapSize                          = 65011712                                  {product} {ergonomic}
   size_t MarkStackSize                            = 4194304                                   {product} {ergonomic}
   size_t MaxHeapSize                              = 1010827264                                {product} {ergonomic}
   size_t MaxNewSize                               = 606076928                                 {product} {ergonomic}
   size_t MinHeapDeltaBytes                        = 1048576                                   {product} {ergonomic}
    uintx NonNMethodCodeHeapSize                   = 5830092                                {pd product} {ergonomic}
    uintx NonProfiledCodeHeapSize                  = 122914074                              {pd product} {ergonomic}
    uintx ProfiledCodeHeapSize                     = 122914074                              {pd product} {ergonomic}
    uintx ReservedCodeCacheSize                    = 251658240                              {pd product} {ergonomic}
     bool SegmentedCodeCache                       = true                                      {product} {ergonomic}
     bool UseCompressedClassPointers               = true                                 {lp64_product} {ergonomic}
     bool UseCompressedOops                        = true                                 {lp64_product} {ergonomic}
     bool UseG1GC                                  = true                                      {product} {ergonomic}
     bool UseLargePagesIndividualAllocation        = false                                  {pd product} {ergonomic}

Logging:
Log output configuration:
 #0: stdout all=warning uptime,level,tags
 #1: stderr all=off uptime,level,tags

Environment Variables:
PATH=C:\Program Files\JetBrains\IntelliJ IDEA Community Edition 2019.2\jbr\\bin;C:\Program Files\JetBrains\IntelliJ IDEA Community Edition 2019.2\jbr\\bin\server;C:\Program Files (x86)\Common Files\Oracle\Java\javapath;C:\Windows\system32;C:\Windows;C:\Windows\System32\Wbem;C:\Windows\System32\WindowsPowerShell\v1.0\;C:\Program Files (x86)\NVIDIA Corporation\PhysX\Common;C:\Program Files\Java\jdk1.8.0_221\bin;C:\Program Files\Git\cmd;C:\Users\123\AppData\Local\Microsoft\WindowsApps;C:\Users\123\AppData\Local\GitHubDesktop\bin
USERNAME=123
OS=Windows_NT
PROCESSOR_IDENTIFIER=Intel64 Family 6 Model 60 Stepping 3, GenuineIntel



---------------  S Y S T E M  ---------------

OS: Windows 10 , 64 bit Build 16299 (10.0.16299.15)

CPU:total 4 (initial active 4) (2 cores per cpu, 2 threads per core) family 6 model 60 stepping 3, cmov, cx8, fxsr, mmx, sse, sse2, sse3, ssse3, sse4.1, sse4.2, popcnt, avx, avx2, clmul, erms, lzcnt, ht, tsc, tscinvbit, bmi1, bmi2, fma

Memory: 4k page, system-wide physical 3848M (800M free)
TotalPageFile size 3848M (AvailPageFile size 130M)
current process WorkingSet (physical memory assigned to process): 27M, peak: 27M
current process commit charge ("private bytes"): 124M, peak: 125M

vm_info: OpenJDK 64-Bit Server VM (11.0.3+12-b304.10) for windows-amd64 JRE (11.0.3+12-b304.10), built on Jun 25 2019 07:10:45 by "" with MS VC++ 14.0 (VS2015)

END.
