#
# There is insufficient memory for the Java Runtime Environment to continue.
# Native memory allocation (mmap) failed to map 65011712 bytes for Failed to commit area from 0x00000000c3c00000 to 0x00000000c7a00000 of length 65011712.
# Possible reasons:
#   The system is out of physical RAM or swap space
#   The process is running with CompressedOops enabled, and the Java Heap may be blocking the growth of the native heap
# Possible solutions:
#   Reduce memory load on the system
#   Increase physical memory or swap space
#   Check if swap backing store is full
#   Decrease Java heap size (-Xmx/-Xms)
#   Decrease number of Java threads
#   Decrease Java thread stack sizes (-Xss)
#   Set larger code cache with -XX:ReservedCodeCacheSize=
# This output file may be truncated or incomplete.
#
#  Out of Memory Error (c:/BuildAgent/work/494cbf65e275b67e/src/hotspot/os/windows/os_windows.cpp:3272), pid=1088, tid=1108
#
# JRE version:  (11.0.3+12) (build )
# Java VM: OpenJDK 64-Bit Server VM (11.0.3+12-b304.10, mixed mode, aot, sharing, tiered, compressed oops, g1 gc, windows-amd64)
# No core dump will be written. Minidumps are not enabled by default on client versions of Windows
#

---------------  S U M M A R Y ------------

Command Line: -javaagent:C:\Program Files\JetBrains\IntelliJ IDEA Community Edition 2019.2\lib\idea_rt.jar=50300:C:\Program Files\JetBrains\IntelliJ IDEA Community Edition 2019.2\bin -Dfile.encoding=UTF-8 balexej.lesson4t1

Host: Intel(R) Core(TM) i3-4000M CPU @ 2.40GHz, 4 cores, 3G,  Windows 10 , 64 bit Build 16299 (10.0.16299.15)
Time: Mon Oct  7 16:17:57 2019 RTZ 2 (ceia) elapsed time: 0 seconds (0d 0h 0m 0s)

---------------  T H R E A D  ---------------

Current thread (0x0000017565481000):  JavaThread "Unknown thread" [_thread_in_vm, id=1108, stack(0x00000062ec700000,0x00000062ec800000)]

Stack: [0x00000062ec700000,0x00000062ec800000]
Native frames: (J=compiled Java code, j=interpreted, Vv=VM code, C=native code)
V  [jvm.dll+0x5da77a]
V  [jvm.dll+0x70b9c9]
V  [jvm.dll+0x70cee8]
V  [jvm.dll+0x70d5b3]
V  [jvm.dll+0x23ddc8]
V  [jvm.dll+0x5d7ef4]
V  [jvm.dll+0x5ccfc5]
V  [jvm.dll+0x2fa44b]
V  [jvm.dll+0x2fa3ba]
V  [jvm.dll+0x2fa292]
V  [jvm.dll+0x2ff156]
V  [jvm.dll+0x3474c3]
V  [jvm.dll+0x347bc6]
V  [jvm.dll+0x3475c3]
V  [jvm.dll+0x2d4f68]
V  [jvm.dll+0x2d6107]
V  [jvm.dll+0x6eabf7]
V  [jvm.dll+0x6ec38c]
V  [jvm.dll+0x354c29]
V  [jvm.dll+0x6d28ae]
V  [jvm.dll+0x3bd363]
V  [jvm.dll+0x3bf7a1]
C  [java.exe+0x3763]
C  [java.exe+0x17a0c]
C  [KERNEL32.DLL+0x11fe4]
C  [ntdll.dll+0x6ef91]


---------------  P R O C E S S  ---------------

Threads class SMR info:
_java_thread_list=0x0000017563365ac0, length=0, elements={
}

Java Threads: ( => current thread )

Other Threads:
  0x000001756549a800 GCTaskThread "GC Thread#0" [stack: 0x00000062ec800000,0x00000062ec900000] [id=816]
  0x00000175654b7800 ConcurrentGCThread "G1 Main Marker" [stack: 0x00000062ec900000,0x00000062eca00000] [id=5236]
  0x00000175654b9000 ConcurrentGCThread "G1 Conc#0" [stack: 0x00000062eca00000,0x00000062ecb00000] [id=1772]

[error occurred during error reporting (printing all threads), id 0xc0000005, EXCEPTION_ACCESS_VIOLATION (0xc0000005) at pc=0x00007ffaa3aa5507]

VM state:not at safepoint (not fully initialized)

VM Mutex/Monitor currently owned by a thread:  ([mutex/lock_event])
[0x00000175654802b0] Heap_lock - owner thread: 0x0000017565481000

Heap address: 0x00000000c3c00000, size: 964 MB, Compressed Oops mode: Non-zero based: 0x00000000c3c00000
Narrow klass base: 0x0000000000000000, Narrow klass shift: 0

GC Heap History (0 events):
No events

Deoptimization events (0 events):
No events

Classes redefined (0 events):
No events

Internal exceptions (0 events):
No events

Events (0 events):
No events


Dynamic libraries:
0x00007ff75df10000 - 0x00007ff75df57000 	C:\Program Files\JetBrains\IntelliJ IDEA Community Edition 2019.2\jbr\bin\java.exe
0x00007ffad4880000 - 0x00007ffad4a60000 	C:\Windows\SYSTEM32\ntdll.dll
0x00007ffad4350000 - 0x00007ffad43fe000 	C:\Windows\System32\KERNEL32.DLL
0x00007ffad1770000 - 0x00007ffad19d6000 	C:\Windows\System32\KERNELBASE.dll
0x00007ffad3eb0000 - 0x00007ffad403f000 	C:\Windows\System32\USER32.dll
0x00007ffad0d80000 - 0x00007ffad0da0000 	C:\Windows\System32\win32u.dll
0x00007ffad2400000 - 0x00007ffad2428000 	C:\Windows\System32\GDI32.dll
0x00007ffad19e0000 - 0x00007ffad1b74000 	C:\Windows\System32\gdi32full.dll
0x00007ffad1c00000 - 0x00007ffad1c9b000 	C:\Windows\System32\msvcp_win.dll
0x00007ffad0c80000 - 0x00007ffad0d76000 	C:\Windows\System32\ucrtbase.dll
0x00007ffabfbb0000 - 0x00007ffabfe19000 	C:\Windows\WinSxS\amd64_microsoft.windows.common-controls_6595b64144ccf1df_6.0.16299.64_none_cc9304e22215ca8f\COMCTL32.dll
0x00007ffad1f10000 - 0x00007ffad1fad000 	C:\Windows\System32\msvcrt.dll
0x00007ffad4040000 - 0x00007ffad4348000 	C:\Windows\System32\combase.dll
0x00007ffad2660000 - 0x00007ffad277f000 	C:\Windows\System32\RPCRT4.dll
0x00007ffad1b80000 - 0x00007ffad1bf2000 	C:\Windows\System32\bcryptPrimitives.dll
0x00007ffad3e70000 - 0x00007ffad3e9d000 	C:\Windows\System32\IMM32.DLL
0x00007ffaca490000 - 0x00007ffaca4a7000 	C:\Program Files\JetBrains\IntelliJ IDEA Community Edition 2019.2\jbr\bin\vcruntime140.dll
0x00007ffab77c0000 - 0x00007ffab785d000 	C:\Program Files\JetBrains\IntelliJ IDEA Community Edition 2019.2\jbr\bin\msvcp140.dll
0x00007ffaa37c0000 - 0x00007ffaa4277000 	C:\Program Files\JetBrains\IntelliJ IDEA Community Edition 2019.2\jbr\bin\server\jvm.dll
0x00007ffad20e0000 - 0x00007ffad2181000 	C:\Windows\System32\ADVAPI32.dll
0x00007ffad23a0000 - 0x00007ffad23fb000 	C:\Windows\System32\sechost.dll
0x00007ffad3e60000 - 0x00007ffad3e68000 	C:\Windows\System32\PSAPI.DLL
0x00007ffacc180000 - 0x00007ffacc189000 	C:\Windows\SYSTEM32\WSOCK32.dll
0x00007ffad2780000 - 0x00007ffad27ec000 	C:\Windows\System32\WS2_32.dll
0x00007ffacef40000 - 0x00007ffacef63000 	C:\Windows\SYSTEM32\WINMM.dll
0x00007ffacccc0000 - 0x00007ffacccca000 	C:\Windows\SYSTEM32\VERSION.dll
0x00007fface9e0000 - 0x00007ffacea0a000 	C:\Windows\SYSTEM32\WINMMBASE.dll
0x00007ffad1d00000 - 0x00007ffad1d4a000 	C:\Windows\System32\cfgmgr32.dll
0x00007ffad0c20000 - 0x00007ffad0c31000 	C:\Windows\System32\kernel.appcore.dll
0x00007ffacc160000 - 0x00007ffacc171000 	C:\Program Files\JetBrains\IntelliJ IDEA Community Edition 2019.2\jbr\bin\verify.dll
0x00007ffacb4e0000 - 0x00007ffacb6a8000 	C:\Windows\SYSTEM32\DBGHELP.DLL
0x00007ffacae80000 - 0x00007ffacaea9000 	C:\Windows\SYSTEM32\dbgcore.DLL
0x00007ffacc130000 - 0x00007ffacc159000 	C:\Program Files\JetBrains\IntelliJ IDEA Community Edition 2019.2\jbr\bin\java.dll
0x00007ffac22a0000 - 0x00007ffac22d4000 	C:\Program Files\JetBrains\IntelliJ IDEA Community Edition 2019.2\jbr\bin\instrument.dll
0x00007ffacc110000 - 0x00007ffacc127000 	C:\Program Files\JetBrains\IntelliJ IDEA Community Edition 2019.2\jbr\bin\zip.dll
0x00007ffacc100000 - 0x00007ffacc10b000 	C:\Program Files\JetBrains\IntelliJ IDEA Community Edition 2019.2\jbr\bin\jimage.dll

dbghelp: loaded successfully - version: 4.0.5 - missing functions: none
symbol engine: initialized successfully - sym options: 0x614 - pdb path: .;C:\Program Files\JetBrains\IntelliJ IDEA Community Edition 2019.2\jbr\bin;C:\Windows\SYSTEM32;C:\Windows\WinSxS\amd64_microsoft.windows.common-controls_6595b64144ccf1df_6.0.16299.64_none_cc9304e22215ca8f;C:\Program Files\JetBrains\IntelliJ IDEA Community Edition 2019.2\jbr\bin\server

VM Arguments:
jvm_args: -javaagent:C:\Program Files\JetBrains\IntelliJ IDEA Community Edition 2019.2\lib\idea_rt.jar=50300:C:\Program Files\JetBrains\IntelliJ IDEA Community Edition 2019.2\bin -Dfile.encoding=UTF-8 
java_command: balexej.lesson4t1
java_class_path (initial): C:\Users\123\IdeaProjects\JC2019-09\out\production\JC2019-09
Launcher Type: SUN_STANDARD

[Global flags]
     intx CICompilerCount                          = 3                                         {product} {ergonomic}
     uint ConcGCThreads                            = 1                                         {product} {ergonomic}
     uint G1ConcRefinementThreads                  = 4                                         {product} {ergonomic}
   size_t G1HeapRegionSize                         = 1048576                                   {product} {ergonomic}
    uintx GCDrainStackTargetSize                   = 64                                        {product} {ergonomic}
   size_t InitialHeapSize                          = 65011712                                  {product} {ergonomic}
   size_t MarkStackSize                            = 4194304                                   {product} {ergonomic}
   size_t MaxHeapSize                              = 1010827264                                {product} {ergonomic}
   size_t MinHeapDeltaBytes                        = 1048576                                   {product} {ergonomic}
    uintx NonNMethodCodeHeapSize                   = 5830092                                {pd product} {ergonomic}
    uintx NonProfiledCodeHeapSize                  = 122914074                              {pd product} {ergonomic}
    uintx ProfiledCodeHeapSize                     = 122914074                              {pd product} {ergonomic}
    uintx ReservedCodeCacheSize                    = 251658240                              {pd product} {ergonomic}
     bool SegmentedCodeCache                       = true                                      {product} {ergonomic}
     bool UseCompressedClassPointers               = true                                 {lp64_product} {ergonomic}
     bool UseCompressedOops                        = true                                 {lp64_product} {ergonomic}
     bool UseG1GC                                  = true                                      {product} {ergonomic}
     bool UseLargePagesIndividualAllocation        = false                                  {pd product} {ergonomic}

Logging:
Log output configuration:
 #0: stdout all=warning uptime,level,tags
 #1: stderr all=off uptime,level,tags

Environment Variables:
PATH=C:\Program Files\JetBrains\IntelliJ IDEA Community Edition 2019.2\jbr\\bin;C:\Program Files\JetBrains\IntelliJ IDEA Community Edition 2019.2\jbr\\bin\server;C:\Program Files (x86)\Common Files\Oracle\Java\javapath;C:\Windows\system32;C:\Windows;C:\Windows\System32\Wbem;C:\Windows\System32\WindowsPowerShell\v1.0\;C:\Program Files (x86)\NVIDIA Corporation\PhysX\Common;C:\Program Files\Java\jdk1.8.0_221\bin;C:\Program Files\Git\cmd;C:\Users\123\AppData\Local\Microsoft\WindowsApps;C:\Users\123\AppData\Local\GitHubDesktop\bin
USERNAME=123
OS=Windows_NT
PROCESSOR_IDENTIFIER=Intel64 Family 6 Model 60 Stepping 3, GenuineIntel



---------------  S Y S T E M  ---------------

OS: Windows 10 , 64 bit Build 16299 (10.0.16299.15)

CPU:total 4 (initial active 4) (2 cores per cpu, 2 threads per core) family 6 model 60 stepping 3, cmov, cx8, fxsr, mmx, sse, sse2, sse3, ssse3, sse4.1, sse4.2, popcnt, avx, avx2, clmul, erms, lzcnt, ht, tsc, tscinvbit, bmi1, bmi2, fma

Memory: 4k page, system-wide physical 3848M (765M free)
TotalPageFile size 3848M (AvailPageFile size 45M)
current process WorkingSet (physical memory assigned to process): 10M, peak: 10M
current process commit charge ("private bytes"): 51M, peak: 113M

vm_info: OpenJDK 64-Bit Server VM (11.0.3+12-b304.10) for windows-amd64 JRE (11.0.3+12-b304.10), built on Jun 25 2019 07:10:45 by "" with MS VC++ 14.0 (VS2015)

END.
