#
# A fatal error has been detected by the Java Runtime Environment:
#
#  Internal Error (c:/BuildAgent/work/494cbf65e275b67e/src/hotspot/share/oops/generateOopMap.cpp:2164), pid=3128, tid=1204
#  fatal error: Cannot reserve enough memory to analyze this method in method spinInnerClass
#
# JRE version: OpenJDK Runtime Environment (11.0.3+12) (build 11.0.3+12-b304.10)
# Java VM: OpenJDK 64-Bit Server VM (11.0.3+12-b304.10, mixed mode, sharing, tiered, compressed oops, g1 gc, windows-amd64)
# No core dump will be written. Minidumps are not enabled by default on client versions of Windows
#
# If you would like to submit a bug report, please visit:
#   http://bugreport.java.com/bugreport/crash.jsp
#

---------------  S U M M A R Y ------------

Command Line: -javaagent:C:\Program Files\JetBrains\IntelliJ IDEA Community Edition 2019.2\lib\idea_rt.jar=50324:C:\Program Files\JetBrains\IntelliJ IDEA Community Edition 2019.2\bin -Dfile.encoding=UTF-8 balexej.lesson4t1

Host: Intel(R) Core(TM) i3-4000M CPU @ 2.40GHz, 4 cores, 3G,  Windows 10 , 64 bit Build 16299 (10.0.16299.15)
Time: Mon Oct  7 16:22:42 2019 RTZ 2 (ceia) elapsed time: 0 seconds (0d 0h 0m 0s)

---------------  T H R E A D  ---------------

Current thread (0x00000289ee668000):  GCTaskThread "GC Thread#0" [stack: 0x000000975da00000,0x000000975db00000] [id=1204]

Stack: [0x000000975da00000,0x000000975db00000]
[error occurred during error reporting (printing stack bounds), id 0xc0000005, EXCEPTION_ACCESS_VIOLATION (0xc0000005) at pc=0x0000028980000bad]

Native frames: (J=compiled Java code, j=interpreted, Vv=VM code, C=native code)
V  [jvm.dll+0x5da77a]
V  [jvm.dll+0x70b9c9]
V  [jvm.dll+0x70cee8]
V  [jvm.dll+0x70d515]
V  [jvm.dll+0x70d4cb]
V  [jvm.dll+0x5d9f08]
V  [jvm.dll+0x5da368]
C  [ntdll.dll+0xa4c3d]
C  [ntdll.dll+0x1d1b8]
C  [ntdll.dll+0xa3b6e]
C  0x0000028980000bad

JavaThread 0x00000289ee651800 (nid = 1840) was being processed
Java frames: (J=compiled Java code, j=interpreted, Vv=VM code)
j  jdk.internal.misc.Unsafe.defineAnonymousClass0(Ljava/lang/Class;[B[Ljava/lang/Object;)Ljava/lang/Class;+0 java.base@11.0.3
j  jdk.internal.misc.Unsafe.defineAnonymousClass(Ljava/lang/Class;[B[Ljava/lang/Object;)Ljava/lang/Class;+42 java.base@11.0.3
j  java.lang.invoke.InnerClassLambdaMetafactory.spinInnerClass()Ljava/lang/Class;+511 java.base@11.0.3
j  java.lang.invoke.InnerClassLambdaMetafactory.buildCallSite()Ljava/lang/invoke/CallSite;+1 java.base@11.0.3
j  java.lang.invoke.LambdaMetafactory.metafactory(Ljava/lang/invoke/MethodHandles$Lookup;Ljava/lang/String;Ljava/lang/invoke/MethodType;Ljava/lang/invoke/MethodType;Ljava/lang/invoke/MethodHandle;Ljava/lang/invoke/MethodType;)Ljava/lang/invoke/CallSite;+31 java.base@11.0.3
j  java.lang.invoke.DirectMethodHandle$Holder.invokeStatic(Ljava/lang/Object;Ljava/lang/Object;Ljava/lang/Object;Ljava/lang/Object;Ljava/lang/Object;Ljava/lang/Object;Ljava/lang/Object;)Ljava/lang/Object;+20 java.base@11.0.3
j  java.lang.invoke.Invokers$Holder.invokeExact_MT(Ljava/lang/Object;Ljava/lang/Object;Ljava/lang/Object;Ljava/lang/Object;Ljava/lang/Object;Ljava/lang/Object;Ljava/lang/Object;Ljava/lang/Object;)Ljava/lang/Object;+28 java.base@11.0.3
j  java.lang.invoke.BootstrapMethodInvoker.invoke(Ljava/lang/Class;Ljava/lang/invoke/MethodHandle;Ljava/lang/String;Ljava/lang/Object;Ljava/lang/Object;Ljava/lang/Class;)Ljava/lang/Object;+262 java.base@11.0.3
j  java.lang.invoke.CallSite.makeSite(Ljava/lang/invoke/MethodHandle;Ljava/lang/String;Ljava/lang/invoke/MethodType;Ljava/lang/Object;Ljava/lang/Class;)Ljava/lang/invoke/CallSite;+8 java.base@11.0.3
j  java.lang.invoke.MethodHandleNatives.linkCallSiteImpl(Ljava/lang/Class;Ljava/lang/invoke/MethodHandle;Ljava/lang/String;Ljava/lang/invoke/MethodType;Ljava/lang/Object;[Ljava/lang/Object;)Ljava/lang/invoke/MemberName;+6 java.base@11.0.3
j  java.lang.invoke.MethodHandleNatives.linkCallSite(Ljava/lang/Object;ILjava/lang/Object;Ljava/lang/Object;Ljava/lang/Object;Ljava/lang/Object;[Ljava/lang/Object;)Ljava/lang/invoke/MemberName;+46 java.base@11.0.3
v  ~StubRoutines::call_stub
j  jdk.internal.module.DefaultRoots.compute(Ljava/lang/module/ModuleFinder;Ljava/lang/module/ModuleFinder;)Ljava/util/Set;+11 java.base@11.0.3
j  jdk.internal.module.ModuleBootstrap.boot()Ljava/lang/ModuleLayer;+628 java.base@11.0.3
j  java.lang.System.initPhase2(ZZ)I+0 java.base@11.0.3
v  ~StubRoutines::call_stub

---------------  P R O C E S S  ---------------

Threads class SMR info:
_java_thread_list=0x00000289ee683680, length=8, elements={
0x00000289ee651800, 0x00000289f7542800, 0x00000289f7545000, 0x00000289f7561000,
0x00000289f7564000, 0x00000289f7564800, 0x00000289f75cd000, 0x00000289f75e0800
}

Java Threads: ( => current thread )
  0x00000289ee651800 JavaThread "main" [_thread_blocked, id=1840, stack(0x000000975d900000,0x000000975da00000)]
  0x00000289f7542800 JavaThread "Reference Handler" daemon [_thread_blocked, id=4600, stack(0x000000975e000000,0x000000975e100000)]
  0x00000289f7545000 JavaThread "Finalizer" daemon [_thread_blocked, id=5344, stack(0x000000975e100000,0x000000975e200000)]
  0x00000289f7561000 JavaThread "Signal Dispatcher" daemon [_thread_blocked, id=4832, stack(0x000000975e200000,0x000000975e300000)]
  0x00000289f7564000 JavaThread "Attach Listener" daemon [_thread_blocked, id=580, stack(0x000000975e300000,0x000000975e400000)]
  0x00000289f7564800 JavaThread "C2 CompilerThread0" daemon [_thread_blocked, id=4836, stack(0x000000975e400000,0x000000975e500000)]
  0x00000289f75cd000 JavaThread "C1 CompilerThread0" daemon [_thread_blocked, id=4856, stack(0x000000975e500000,0x000000975e600000)]
  0x00000289f75e0800 JavaThread "Sweeper thread" daemon [_thread_blocked, id=5704, stack(0x000000975e600000,0x000000975e700000)]

Other Threads:
  0x00000289f753f000 VMThread "VM Thread" [stack: 0x000000975df00000,0x000000975e000000] [id=4596]
=>0x00000289ee668000 GCTaskThread "GC Thread#0" [stack: 0x000000975da00000,0x000000975db00000] [id=1204]
  0x00000289ee681800 ConcurrentGCThread "G1 Main Marker" [stack: 0x000000975db00000,0x000000975dc00000] [id=4980]
  0x00000289ee683000 ConcurrentGCThread "G1 Conc#0" [stack: 0x000000975dc00000,0x000000975dd00000] [id=3088]
  0x00000289ee6cc000 ConcurrentGCThread "G1 Refine#0" [stack: 0x000000975dd00000,0x000000975de00000] [id=4572]
  0x00000289ee6d1000 ConcurrentGCThread "G1 Young RemSet Sampling" [stack: 0x000000975de00000,0x000000975df00000] [id=1860]

Threads with active compile tasks:
C1 CompilerThread0  41   !   3       java.util.concurrent.ConcurrentHashMap::putVal (432 bytes)

VM state:at safepoint (normal execution)

VM Mutex/Monitor currently owned by a thread:  ([mutex/lock_event])
[0x00000289ee650170] Threads_lock - owner thread: 0x00000289f753f000
[0x00000289ee6507a0] Heap_lock - owner thread: 0x00000289ee651800

Heap address: 0x00000000c3c00000, size: 964 MB, Compressed Oops mode: 32-bit
Narrow klass base: 0x0000000800000000, Narrow klass shift: 3
Compressed class space size: 1073741824 Address: 0x0000000840000000

Heap:
 garbage-first heap   total 63488K, used 860K [0x00000000c3c00000, 0x0000000100000000)
  region size 1024K, 2 young (2048K), 1 survivors (1024K)
 Metaspace       used 185K, capacity 4480K, committed 4480K, reserved 1064960K
  class space    used 15K, capacity 384K, committed 384K, reserved 1048576K
Heap Regions: E=young(eden), S=young(survivor), O=old, HS=humongous(starts), HC=humongous(continues), CS=collection set, F=free, A=archive, TAMS=top-at-mark-start (previous, next)
|   0|0x00000000c3c00000, 0x00000000c3c00000, 0x00000000c3d00000|  0%| F|  |TAMS 0x00000000c3c00000, 0x00000000c3c00000| Untracked 
|   1|0x00000000c3d00000, 0x00000000c3d00000, 0x00000000c3e00000|  0%| F|  |TAMS 0x00000000c3d00000, 0x00000000c3d00000| Untracked 
|   2|0x00000000c3e00000, 0x00000000c3e00000, 0x00000000c3f00000|  0%| F|  |TAMS 0x00000000c3e00000, 0x00000000c3e00000| Untracked 
|   3|0x00000000c3f00000, 0x00000000c3f00000, 0x00000000c4000000|  0%| F|  |TAMS 0x00000000c3f00000, 0x00000000c3f00000| Untracked 
|   4|0x00000000c4000000, 0x00000000c4000000, 0x00000000c4100000|  0%| F|  |TAMS 0x00000000c4000000, 0x00000000c4000000| Untracked 
|   5|0x00000000c4100000, 0x00000000c4100000, 0x00000000c4200000|  0%| F|  |TAMS 0x00000000c4100000, 0x00000000c4100000| Untracked 
|   6|0x00000000c4200000, 0x00000000c4200000, 0x00000000c4300000|  0%| F|  |TAMS 0x00000000c4200000, 0x00000000c4200000| Untracked 
|   7|0x00000000c4300000, 0x00000000c4300000, 0x00000000c4400000|  0%| F|  |TAMS 0x00000000c4300000, 0x00000000c4300000| Untracked 
|   8|0x00000000c4400000, 0x00000000c4400000, 0x00000000c4500000|  0%| F|  |TAMS 0x00000000c4400000, 0x00000000c4400000| Untracked 
|   9|0x00000000c4500000, 0x00000000c4500000, 0x00000000c4600000|  0%| F|  |TAMS 0x00000000c4500000, 0x00000000c4500000| Untracked 
|  10|0x00000000c4600000, 0x00000000c4600000, 0x00000000c4700000|  0%| F|  |TAMS 0x00000000c4600000, 0x00000000c4600000| Untracked 
|  11|0x00000000c4700000, 0x00000000c4700000, 0x00000000c4800000|  0%| F|  |TAMS 0x00000000c4700000, 0x00000000c4700000| Untracked 
|  12|0x00000000c4800000, 0x00000000c4800000, 0x00000000c4900000|  0%| F|  |TAMS 0x00000000c4800000, 0x00000000c4800000| Untracked 
|  13|0x00000000c4900000, 0x00000000c4900000, 0x00000000c4a00000|  0%| F|  |TAMS 0x00000000c4900000, 0x00000000c4900000| Untracked 
|  14|0x00000000c4a00000, 0x00000000c4a00000, 0x00000000c4b00000|  0%| F|  |TAMS 0x00000000c4a00000, 0x00000000c4a00000| Untracked 
|  15|0x00000000c4b00000, 0x00000000c4b00000, 0x00000000c4c00000|  0%| F|  |TAMS 0x00000000c4b00000, 0x00000000c4b00000| Untracked 
|  16|0x00000000c4c00000, 0x00000000c4c00000, 0x00000000c4d00000|  0%| F|  |TAMS 0x00000000c4c00000, 0x00000000c4c00000| Untracked 
|  17|0x00000000c4d00000, 0x00000000c4d00000, 0x00000000c4e00000|  0%| F|  |TAMS 0x00000000c4d00000, 0x00000000c4d00000| Untracked 
|  18|0x00000000c4e00000, 0x00000000c4e00000, 0x00000000c4f00000|  0%| F|  |TAMS 0x00000000c4e00000, 0x00000000c4e00000| Untracked 
|  19|0x00000000c4f00000, 0x00000000c4f00000, 0x00000000c5000000|  0%| F|  |TAMS 0x00000000c4f00000, 0x00000000c4f00000| Untracked 
|  20|0x00000000c5000000, 0x00000000c5000000, 0x00000000c5100000|  0%| F|  |TAMS 0x00000000c5000000, 0x00000000c5000000| Untracked 
|  21|0x00000000c5100000, 0x00000000c5100000, 0x00000000c5200000|  0%| F|  |TAMS 0x00000000c5100000, 0x00000000c5100000| Untracked 
|  22|0x00000000c5200000, 0x00000000c5200000, 0x00000000c5300000|  0%| F|  |TAMS 0x00000000c5200000, 0x00000000c5200000| Untracked 
|  23|0x00000000c5300000, 0x00000000c5300000, 0x00000000c5400000|  0%| F|  |TAMS 0x00000000c5300000, 0x00000000c5300000| Untracked 
|  24|0x00000000c5400000, 0x00000000c5400000, 0x00000000c5500000|  0%| F|  |TAMS 0x00000000c5400000, 0x00000000c5400000| Untracked 
|  25|0x00000000c5500000, 0x00000000c5500000, 0x00000000c5600000|  0%| F|  |TAMS 0x00000000c5500000, 0x00000000c5500000| Untracked 
|  26|0x00000000c5600000, 0x00000000c5600000, 0x00000000c5700000|  0%| F|  |TAMS 0x00000000c5600000, 0x00000000c5600000| Untracked 
|  27|0x00000000c5700000, 0x00000000c5700000, 0x00000000c5800000|  0%| F|  |TAMS 0x00000000c5700000, 0x00000000c5700000| Untracked 
|  28|0x00000000c5800000, 0x00000000c5800000, 0x00000000c5900000|  0%| F|  |TAMS 0x00000000c5800000, 0x00000000c5800000| Untracked 
|  29|0x00000000c5900000, 0x00000000c5900000, 0x00000000c5a00000|  0%| F|  |TAMS 0x00000000c5900000, 0x00000000c5900000| Untracked 
|  30|0x00000000c5a00000, 0x00000000c5a00000, 0x00000000c5b00000|  0%| F|  |TAMS 0x00000000c5a00000, 0x00000000c5a00000| Untracked 
|  31|0x00000000c5b00000, 0x00000000c5b00000, 0x00000000c5c00000|  0%| F|  |TAMS 0x00000000c5b00000, 0x00000000c5b00000| Untracked 
|  32|0x00000000c5c00000, 0x00000000c5c00000, 0x00000000c5d00000|  0%| F|  |TAMS 0x00000000c5c00000, 0x00000000c5c00000| Untracked 
|  33|0x00000000c5d00000, 0x00000000c5d00000, 0x00000000c5e00000|  0%| F|  |TAMS 0x00000000c5d00000, 0x00000000c5d00000| Untracked 
|  34|0x00000000c5e00000, 0x00000000c5e00000, 0x00000000c5f00000|  0%| F|  |TAMS 0x00000000c5e00000, 0x00000000c5e00000| Untracked 
|  35|0x00000000c5f00000, 0x00000000c5f00000, 0x00000000c6000000|  0%| F|  |TAMS 0x00000000c5f00000, 0x00000000c5f00000| Untracked 
|  36|0x00000000c6000000, 0x00000000c6000000, 0x00000000c6100000|  0%| F|  |TAMS 0x00000000c6000000, 0x00000000c6000000| Untracked 
|  37|0x00000000c6100000, 0x00000000c6100000, 0x00000000c6200000|  0%| F|  |TAMS 0x00000000c6100000, 0x00000000c6100000| Untracked 
|  38|0x00000000c6200000, 0x00000000c6200000, 0x00000000c6300000|  0%| F|  |TAMS 0x00000000c6200000, 0x00000000c6200000| Untracked 
|  39|0x00000000c6300000, 0x00000000c6300000, 0x00000000c6400000|  0%| F|  |TAMS 0x00000000c6300000, 0x00000000c6300000| Untracked 
|  40|0x00000000c6400000, 0x00000000c6400000, 0x00000000c6500000|  0%| F|  |TAMS 0x00000000c6400000, 0x00000000c6400000| Untracked 
|  41|0x00000000c6500000, 0x00000000c6500000, 0x00000000c6600000|  0%| F|  |TAMS 0x00000000c6500000, 0x00000000c6500000| Untracked 
|  42|0x00000000c6600000, 0x00000000c6600000, 0x00000000c6700000|  0%| F|  |TAMS 0x00000000c6600000, 0x00000000c6600000| Untracked 
|  43|0x00000000c6700000, 0x00000000c6700000, 0x00000000c6800000|  0%| F|  |TAMS 0x00000000c6700000, 0x00000000c6700000| Untracked 
|  44|0x00000000c6800000, 0x00000000c6800000, 0x00000000c6900000|  0%| F|  |TAMS 0x00000000c6800000, 0x00000000c6800000| Untracked 
|  45|0x00000000c6900000, 0x00000000c6900000, 0x00000000c6a00000|  0%| F|  |TAMS 0x00000000c6900000, 0x00000000c6900000| Untracked 
|  46|0x00000000c6a00000, 0x00000000c6a00000, 0x00000000c6b00000|  0%| F|  |TAMS 0x00000000c6a00000, 0x00000000c6a00000| Untracked 
|  47|0x00000000c6b00000, 0x00000000c6b00000, 0x00000000c6c00000|  0%| F|  |TAMS 0x00000000c6b00000, 0x00000000c6b00000| Untracked 
|  48|0x00000000c6c00000, 0x00000000c6c00000, 0x00000000c6d00000|  0%| F|  |TAMS 0x00000000c6c00000, 0x00000000c6c00000| Untracked 
|  49|0x00000000c6d00000, 0x00000000c6d00000, 0x00000000c6e00000|  0%| F|  |TAMS 0x00000000c6d00000, 0x00000000c6d00000| Untracked 
|  50|0x00000000c6e00000, 0x00000000c6e00000, 0x00000000c6f00000|  0%| F|  |TAMS 0x00000000c6e00000, 0x00000000c6e00000| Untracked 
|  51|0x00000000c6f00000, 0x00000000c6f00000, 0x00000000c7000000|  0%| F|  |TAMS 0x00000000c6f00000, 0x00000000c6f00000| Untracked 
|  52|0x00000000c7000000, 0x00000000c7000000, 0x00000000c7100000|  0%| F|  |TAMS 0x00000000c7000000, 0x00000000c7000000| Untracked 
|  53|0x00000000c7100000, 0x00000000c7100000, 0x00000000c7200000|  0%| F|  |TAMS 0x00000000c7100000, 0x00000000c7100000| Untracked 
|  54|0x00000000c7200000, 0x00000000c7200000, 0x00000000c7300000|  0%| F|  |TAMS 0x00000000c7200000, 0x00000000c7200000| Untracked 
|  55|0x00000000c7300000, 0x00000000c7300000, 0x00000000c7400000|  0%| F|  |TAMS 0x00000000c7300000, 0x00000000c7300000| Untracked 
|  56|0x00000000c7400000, 0x00000000c7400000, 0x00000000c7500000|  0%| F|  |TAMS 0x00000000c7400000, 0x00000000c7400000| Untracked 
|  57|0x00000000c7500000, 0x00000000c7500000, 0x00000000c7600000|  0%| F|  |TAMS 0x00000000c7500000, 0x00000000c7500000| Untracked 
|  58|0x00000000c7600000, 0x00000000c7600000, 0x00000000c7700000|  0%| F|  |TAMS 0x00000000c7600000, 0x00000000c7600000| Untracked 
|  59|0x00000000c7700000, 0x00000000c7700000, 0x00000000c7800000|  0%| F|  |TAMS 0x00000000c7700000, 0x00000000c7700000| Untracked 
|  60|0x00000000c7800000, 0x00000000c78646f0, 0x00000000c7900000| 39%| S|  |TAMS 0x00000000c7800000, 0x00000000c7800000| Complete 
|  61|0x00000000c7900000, 0x00000000c79d70e0, 0x00000000c7a00000| 84%| E|CS|TAMS 0x00000000c7900000, 0x00000000c79d70e0| Complete 

Card table byte_map: [0x00000289f26f0000,0x00000289f28e0000] _byte_map_base: 0x00000289f20d2000

Marking Bits (Prev, Next): (CMBitMap*) 0x00000289ee67cf98, (CMBitMap*) 0x00000289ee67cfd0
 Prev Bits: [0x00000289f2ad0000, 0x00000289f39e0000)
 Next Bits: [0x00000289f39e0000, 0x00000289f48f0000)

Polling page: 0x00000289ec4b0000

Metaspace:

Usage:
  Non-class:      4.00 MB capacity,   169.95 KB (  4%) used,     3.83 MB ( 96%) free+waste,    64 bytes ( <1%) overhead. 
      Class:    384.00 KB capacity,    15.17 KB (  4%) used,   368.77 KB ( 96%) free+waste,    64 bytes ( <1%) overhead. 
       Both:      4.38 MB capacity,   185.12 KB (  4%) used,     4.19 MB ( 96%) free+waste,   128 bytes ( <1%) overhead. 

Virtual space:
  Non-class space:       16.00 MB reserved,       4.00 MB ( 25%) committed 
      Class space:        1.00 GB reserved,     384.00 KB ( <1%) committed 
             Both:        1.02 GB reserved,       4.38 MB ( <1%) committed 

Chunk freelists:
   Non-Class:  0 bytes
       Class:  0 bytes
        Both:  0 bytes

CodeHeap 'non-profiled nmethods': size=120064Kb used=10Kb max_used=10Kb free=120053Kb
 bounds [0x0000028987ac0000, 0x0000028987d30000, 0x000002898f000000]
CodeHeap 'profiled nmethods': size=120000Kb used=40Kb max_used=40Kb free=119959Kb
 bounds [0x0000028980590000, 0x0000028980800000, 0x0000028987ac0000]
CodeHeap 'non-nmethods': size=5696Kb used=1022Kb max_used=1022Kb free=4673Kb
 bounds [0x0000028980000000, 0x0000028980270000, 0x0000028980590000]
 total_blobs=366 nmethods=40 adapters=191
 compilation: enabled
              stopped_count=0, restarted_count=0
 full_count=0

Compilation events (10 events):
Event: 0.119 Thread 0x00000289f75cd000 nmethod 32 0x0000028987ac1210 code [0x0000028987ac13c0, 0x0000028987ac14f8]
Event: 0.119 Thread 0x00000289f75cd000   30       3       java.util.ImmutableCollections$SetN$SetNIterator::hasNext (13 bytes)
Event: 0.119 Thread 0x00000289f75cd000 nmethod 30 0x0000028980599510 code [0x00000289805996c0, 0x0000028980599898]
Event: 0.119 Thread 0x00000289f75cd000   31       3       java.util.concurrent.ConcurrentHashMap::spread (10 bytes)
Event: 0.120 Thread 0x00000289f75cd000 nmethod 31 0x0000028980599910 code [0x0000028980599ac0, 0x0000028980599c18]
Event: 0.126 Thread 0x00000289f75cd000   34       1       java.lang.Enum::ordinal (5 bytes)
Event: 0.126 Thread 0x00000289f75cd000 nmethod 34 0x0000028987ac1790 code [0x0000028987ac1940, 0x0000028987ac1a78]
Event: 0.127 Thread 0x00000289f75cd000   35       3       java.lang.String::length (11 bytes)
Event: 0.127 Thread 0x00000289f75cd000 nmethod 35 0x0000028980599c90 code [0x0000028980599e40, 0x000002898059a058]
Event: 0.129 Thread 0x00000289f75cd000   41   !   3       java.util.concurrent.ConcurrentHashMap::putVal (432 bytes)

GC Heap History (1 events):
Event: 0.131 GC heap before
{Heap before GC invocations=0 (full 0):
 garbage-first heap   total 63488K, used 0K [0x00000000c3c00000, 0x0000000100000000)
  region size 1024K, 1 young (1024K), 0 survivors (0K)
 Metaspace       used 185K, capacity 4480K, committed 4480K, reserved 1064960K
  class space    used 15K, capacity 384K, committed 384K, reserved 1048576K
}

Deoptimization events (0 events):
No events

Classes redefined (0 events):
No events

Internal exceptions (0 events):
No events

Events (10 events):
Event: 0.120 loading class java/util/Spliterators$IteratorSpliterator done
Event: 0.126 loading class java/lang/Module$ReflectionData
Event: 0.126 loading class java/lang/Module$ReflectionData done
Event: 0.126 loading class java/lang/WeakPairMap
Event: 0.126 loading class java/lang/WeakPairMap done
Event: 0.126 loading class java/lang/WeakPairMap$Pair
Event: 0.126 loading class java/lang/WeakPairMap$Pair done
Event: 0.126 loading class java/lang/WeakPairMap$Pair$Lookup
Event: 0.126 loading class java/lang/WeakPairMap$Pair$Lookup done
Event: 0.131 Executing VM operation: CollectForMetadataAllocation


Dynamic libraries:
0x00007ff75df10000 - 0x00007ff75df57000 	C:\Program Files\JetBrains\IntelliJ IDEA Community Edition 2019.2\jbr\bin\java.exe
0x00007ffad4880000 - 0x00007ffad4a60000 	C:\Windows\SYSTEM32\ntdll.dll
0x00007ffad4350000 - 0x00007ffad43fe000 	C:\Windows\System32\KERNEL32.DLL
0x00007ffad1770000 - 0x00007ffad19d6000 	C:\Windows\System32\KERNELBASE.dll
0x00007ffad3eb0000 - 0x00007ffad403f000 	C:\Windows\System32\USER32.dll
0x00007ffad0d80000 - 0x00007ffad0da0000 	C:\Windows\System32\win32u.dll
0x00007ffad2400000 - 0x00007ffad2428000 	C:\Windows\System32\GDI32.dll
0x00007ffad19e0000 - 0x00007ffad1b74000 	C:\Windows\System32\gdi32full.dll
0x00007ffad1c00000 - 0x00007ffad1c9b000 	C:\Windows\System32\msvcp_win.dll
0x00007ffad0c80000 - 0x00007ffad0d76000 	C:\Windows\System32\ucrtbase.dll
0x00007ffabfbb0000 - 0x00007ffabfe19000 	C:\Windows\WinSxS\amd64_microsoft.windows.common-controls_6595b64144ccf1df_6.0.16299.64_none_cc9304e22215ca8f\COMCTL32.dll
0x00007ffad1f10000 - 0x00007ffad1fad000 	C:\Windows\System32\msvcrt.dll
0x00007ffad4040000 - 0x00007ffad4348000 	C:\Windows\System32\combase.dll
0x00007ffad2660000 - 0x00007ffad277f000 	C:\Windows\System32\RPCRT4.dll
0x00007ffad1b80000 - 0x00007ffad1bf2000 	C:\Windows\System32\bcryptPrimitives.dll
0x00007ffad3e70000 - 0x00007ffad3e9d000 	C:\Windows\System32\IMM32.DLL
0x00007ffaca490000 - 0x00007ffaca4a7000 	C:\Program Files\JetBrains\IntelliJ IDEA Community Edition 2019.2\jbr\bin\vcruntime140.dll
0x00007ffab77c0000 - 0x00007ffab785d000 	C:\Program Files\JetBrains\IntelliJ IDEA Community Edition 2019.2\jbr\bin\msvcp140.dll
0x00007ffaa37c0000 - 0x00007ffaa4277000 	C:\Program Files\JetBrains\IntelliJ IDEA Community Edition 2019.2\jbr\bin\server\jvm.dll
0x00007ffad20e0000 - 0x00007ffad2181000 	C:\Windows\System32\ADVAPI32.dll
0x00007ffad23a0000 - 0x00007ffad23fb000 	C:\Windows\System32\sechost.dll
0x00007ffad3e60000 - 0x00007ffad3e68000 	C:\Windows\System32\PSAPI.DLL
0x00007ffacc180000 - 0x00007ffacc189000 	C:\Windows\SYSTEM32\WSOCK32.dll
0x00007ffacef40000 - 0x00007ffacef63000 	C:\Windows\SYSTEM32\WINMM.dll
0x00007ffad2780000 - 0x00007ffad27ec000 	C:\Windows\System32\WS2_32.dll
0x00007ffacccc0000 - 0x00007ffacccca000 	C:\Windows\SYSTEM32\VERSION.dll
0x00007fface9e0000 - 0x00007ffacea0a000 	C:\Windows\SYSTEM32\WINMMBASE.dll
0x00007ffad1d00000 - 0x00007ffad1d4a000 	C:\Windows\System32\cfgmgr32.dll
0x00007ffad0c20000 - 0x00007ffad0c31000 	C:\Windows\System32\kernel.appcore.dll
0x00007ffacc160000 - 0x00007ffacc171000 	C:\Program Files\JetBrains\IntelliJ IDEA Community Edition 2019.2\jbr\bin\verify.dll
0x00007ffacb4e0000 - 0x00007ffacb6a8000 	C:\Windows\SYSTEM32\DBGHELP.DLL
0x00007ffacae80000 - 0x00007ffacaea9000 	C:\Windows\SYSTEM32\dbgcore.DLL
0x00007ffacc130000 - 0x00007ffacc159000 	C:\Program Files\JetBrains\IntelliJ IDEA Community Edition 2019.2\jbr\bin\java.dll
0x00007ffabf160000 - 0x00007ffabf194000 	C:\Program Files\JetBrains\IntelliJ IDEA Community Edition 2019.2\jbr\bin\instrument.dll
0x00007ffacc110000 - 0x00007ffacc127000 	C:\Program Files\JetBrains\IntelliJ IDEA Community Edition 2019.2\jbr\bin\zip.dll
0x00007ffacc100000 - 0x00007ffacc10b000 	C:\Program Files\JetBrains\IntelliJ IDEA Community Edition 2019.2\jbr\bin\jimage.dll
0x00007ffad2a20000 - 0x00007ffad3e57000 	C:\Windows\System32\SHELL32.dll
0x00007ffad2970000 - 0x00007ffad2a16000 	C:\Windows\System32\shcore.dll
0x00007ffad0da0000 - 0x00007ffad14e7000 	C:\Windows\System32\windows.storage.dll
0x00007ffad24b0000 - 0x00007ffad2501000 	C:\Windows\System32\shlwapi.dll
0x00007ffad0bd0000 - 0x00007ffad0c1c000 	C:\Windows\System32\powrprof.dll
0x00007ffad0c60000 - 0x00007ffad0c7b000 	C:\Windows\System32\profapi.dll

dbghelp: loaded successfully - version: 4.0.5 - missing functions: none
symbol engine: initialized successfully - sym options: 0x614 - pdb path: .;C:\Program Files\JetBrains\IntelliJ IDEA Community Edition 2019.2\jbr\bin;C:\Windows\SYSTEM32;C:\Windows\WinSxS\amd64_microsoft.windows.common-controls_6595b64144ccf1df_6.0.16299.64_none_cc9304e22215ca8f;C:\Program Files\JetBrains\IntelliJ IDEA Community Edition 2019.2\jbr\bin\server

VM Arguments:
jvm_args: -javaagent:C:\Program Files\JetBrains\IntelliJ IDEA Community Edition 2019.2\lib\idea_rt.jar=50324:C:\Program Files\JetBrains\IntelliJ IDEA Community Edition 2019.2\bin -Dfile.encoding=UTF-8 
java_command: balexej.lesson4t1
java_class_path (initial): C:\Users\123\IdeaProjects\JC2019-09\out\production\JC2019-09
Launcher Type: SUN_STANDARD

[Global flags]
     intx CICompilerCount                          = 3                                         {product} {ergonomic}
     uint ConcGCThreads                            = 1                                         {product} {ergonomic}
     uint G1ConcRefinementThreads                  = 4                                         {product} {ergonomic}
   size_t G1HeapRegionSize                         = 1048576                                   {product} {ergonomic}
    uintx GCDrainStackTargetSize                   = 64                                        {product} {ergonomic}
   size_t InitialHeapSize                          = 65011712                                  {product} {ergonomic}
   size_t MarkStackSize                            = 4194304                                   {product} {ergonomic}
   size_t MaxHeapSize                              = 1010827264                                {product} {ergonomic}
   size_t MaxNewSize                               = 606076928                                 {product} {ergonomic}
   size_t MinHeapDeltaBytes                        = 1048576                                   {product} {ergonomic}
    uintx NonNMethodCodeHeapSize                   = 5830092                                {pd product} {ergonomic}
    uintx NonProfiledCodeHeapSize                  = 122914074                              {pd product} {ergonomic}
    uintx ProfiledCodeHeapSize                     = 122914074                              {pd product} {ergonomic}
    uintx ReservedCodeCacheSize                    = 251658240                              {pd product} {ergonomic}
     bool SegmentedCodeCache                       = true                                      {product} {ergonomic}
     bool UseCompressedClassPointers               = true                                 {lp64_product} {ergonomic}
     bool UseCompressedOops                        = true                                 {lp64_product} {ergonomic}
     bool UseG1GC                                  = true                                      {product} {ergonomic}
     bool UseLargePagesIndividualAllocation        = false                                  {pd product} {ergonomic}

Logging:
Log output configuration:
 #0: stdout all=warning uptime,level,tags
 #1: stderr all=off uptime,level,tags

Environment Variables:
PATH=C:\Program Files\JetBrains\IntelliJ IDEA Community Edition 2019.2\jbr\\bin;C:\Program Files\JetBrains\IntelliJ IDEA Community Edition 2019.2\jbr\\bin\server;C:\Program Files (x86)\Common Files\Oracle\Java\javapath;C:\Windows\system32;C:\Windows;C:\Windows\System32\Wbem;C:\Windows\System32\WindowsPowerShell\v1.0\;C:\Program Files (x86)\NVIDIA Corporation\PhysX\Common;C:\Program Files\Java\jdk1.8.0_221\bin;C:\Program Files\Git\cmd;C:\Users\123\AppData\Local\Microsoft\WindowsApps;C:\Users\123\AppData\Local\GitHubDesktop\bin
USERNAME=123
OS=Windows_NT
PROCESSOR_IDENTIFIER=Intel64 Family 6 Model 60 Stepping 3, GenuineIntel



---------------  S Y S T E M  ---------------

OS: Windows 10 , 64 bit Build 16299 (10.0.16299.15)

CPU:total 4 (initial active 4) (2 cores per cpu, 2 threads per core) family 6 model 60 stepping 3, cmov, cx8, fxsr, mmx, sse, sse2, sse3, ssse3, sse4.1, sse4.2, popcnt, avx, avx2, clmul, erms, lzcnt, ht, tsc, tscinvbit, bmi1, bmi2, fma

Memory: 4k page, system-wide physical 3848M (801M free)
TotalPageFile size 3848M (AvailPageFile size 2M)
current process WorkingSet (physical memory assigned to process): 29M, peak: 29M
current process commit charge ("private bytes"): 128M, peak: 128M

vm_info: OpenJDK 64-Bit Server VM (11.0.3+12-b304.10) for windows-amd64 JRE (11.0.3+12-b304.10), built on Jun 25 2019 07:10:45 by "" with MS VC++ 14.0 (VS2015)

END.
